# Problem tracking and Performance Optimization

## Log management 

### OpenTenBase log format description 

Logs generated by executing correct statements  

```
2017-10-11 16:23:55.178 CST,"pgxz","postgres",11499,"127.0.0.1:2329",59ddd50c.2ceb,1,"idle",2017-10-11 16:23:40 CST,3/26053,0,LOG,00000,"statement: select * from pg_class limit 1;",,,,,,,,,"psql"
```
```
execution time                                                            | 2017-10-11 16:23:55.178
username                                                                  | pgxz
database                                                                  | postgres
process id                                                                | 11499
client id                                                                 | 127.0.0.1:2329
session ID                                                                | 59ddd50c.2ceb
line number per session                                                   | 1
command tag                                                               | idle
log in time                                                               | 2017-10-11 16:23:40
virtual transaction ID                                                    | 3/26053
common transaction ID                                                     | 0
level                                                                     | LOG
SQLSTATE code                                                             | 00000
execution information                                                     | statement: select * from pg_class limit 1;
details                                                                   | 
hint                                                                      | 
internal query causing error                                              | 
character count at error location                                         | 
error context                                                             | 
User query that caused the error (if any and enabled by log_min_error_statement)                   | 
character count at error location                                                                  | 
The location of the error in the PostgreSQL source code (if log_error_verbosity is set to verbose) | 
application name                                                                                   | psql
```

Error log explanation  

```
2017-10-11 16:24:10.233 CST,"pgxz","postgres",11499,"127.0.0.1:2329",59ddd50c.2ceb,2,"idle",2017-10-11 16:23:40 CST,3/26054,0,LOG,00000,"statement: select * from pgxc_nodes limit 1;",,,,,,,,,"psql"
2017-10-11 16:24:10.233 CST,"pgxz","postgres",11499,"127.0.0.1:2329",59ddd50c.2ceb,3,"SELECT",2017-10-11 16:23:40 CST,3/26054,0,ERROR,42P01,"relation ""pgxc_nodes"" does not exist",,,,,,,,,"psql"

```
Executing an erroneous statement to OpenTenBase will generate two logs, one is the execution statement, and the other is the reason for the error.  

### Analyze logs  
#### Create log table 

```  
CREATE table opentenbase_log
(
  log_time timestamp without time zone,
  user_name text,
  database_name text,
  process_id integer,
  connection_from text,
  session_id text,
  session_line_num bigint,
  command_tag text,
  session_start_time timestamp without time zone,
  virtual_transaction_id text,
  transaction_id bigint,
  error_severity text,
  sql_state_code text,
  message text,
  detail text,
  hint text,
  internal_query text,
  internal_query_pos integer,
  context text,
  query text,
  query_pos integer,
  location text,
  application_name text
);
```
#### Import log data  
OpenTenBase Log files are stored under the "data directory/pg\_log" directory by default

```
postgres=# COPY opentenbase_log FROM '/data/pgxz/data/pgxz/dn001/pg_log/postgresql-Tuesday-16.csv' WITH csv; 
COPY 10790
```
#### Statistics log data  
--Sort by session connection and operation time

```
postgres=# select * from opentenbase_log order by process_id,log_time;
```

--Query error log

```
SELECT * FROM  opentenbase_log WHERE error_severity='ERROR' limit 1;  
``` 

--Statistics session operation number statistics

```
postgres=#  select count(1),process_id,user_name,database_name from opentenbase_log group by process_id,user_name,database_name order by count(1) desc limit 10;
 count | process_id | user_name | database_name 
-------+------------+-----------+---------------
  2770 |      48067 | pgxz      | postgres
    10 |      22143 | pgxz      | postgres
    10 |      28778 | pgxz      | postgres
     9 |      28367 | pgxz      | postgres
     9 |      44280 | pgxz      | postgres
     8 |      32442 | pgxz      | postgres
     7 |      17911 | pgxz      | postgres
     7 |      21865 | pgxz      | postgres
     7 |      26159 | pgxz      | postgres
     7 |      45471 | pgxz      | postgres
(10 rows)
```

--User operation statistics

```
postgres=#  select count(1),user_name from opentenbase_log group by user_name order by count(1) desc limit 10;                                                           
 count | user_name 
-------+-----------
 10790 | pgxz
```

--Statistics on database access times

```
postgres=#  select count(1),database_name from opentenbase_log group by database_name order by count(1) desc limit 10;             
 count | database_name 
-------+---------------
 10790 | postgres
(1 row)
```

--Error information statistics

```
postgres=# select count(1),user_name,database_name from opentenbase_log where error_severity='ERROR' group by user_name,database_name order by count(1) desc limit 10;           
 count | user_name | database_name 
-------+-----------+---------------
  1390 | pgxz      | postgres
(1 row)
```

### Configure to collect only slow sql statements  
\#User access log format  
log\_destination = 'csvlog'  

\#Enable user access log collector  
logging\_collector = on  

\#Configure the number of milliseconds when the SQL statement is executed for more than the number of milliseconds that the statement will be recorded. When the value is -1, it is disabled. When it is 0, all statements are recorded. 
\#The following configuration only collects statements that run for more than 1 second.  
log\_min\_duration\_statement = 1000  

\#No logs are recorded by default   
log\_statement = 'none'  

The contents of the collected log files are as follows
  
```
2017-10-15 10:25:54.106 CST,"postgres","postgres",43799,"127.0.0.1:17899",59e2c65b.ab17,4,"SELECT",2017-10-15 10:22:19 CST,2/0,0,LOG,00000,"duration: 1338.366 ms  statement: select * from t where id=20000 or id=2000000;",,,,,,,,,"psql"
```

The system records the running statements and running time

## How to query whether the data is skewed  
Connect different dn nodes and query the capacity of the table. If the size deviation is large, it can be judged that there is data skew.
Connect dn001:

```
[pgxz@VM_0_29_centos pgxz]$ psql -p 15432 -h 172.16.0.47
psql (PostgreSQL 10 (opentenbase 2.01))
Type "help" for help.

postgres=# select pg_size_pretty(pg_table_size('opentenbase_1'));
 pg_size_pretty 
----------------
 2408 kB
(1 row)

postgres=# select pg_size_pretty(pg_table_size('opentenbase_2'));
 pg_size_pretty 
----------------
 896 kB
(1 row)

postgres=# \q
```

Connect dn002:

```
[pgxz@VM_0_29_centos pgxz]$ psql -p 15431 -h 172.16.0.47 
psql (PostgreSQL 10 (opentenbase 2.01))
Type "help" for help.

postgres=# select pg_size_pretty(pg_table_size('opentenbase_1'));
 pg_size_pretty 
----------------
 2408 kB
(1 row)

postgres=#  select pg_size_pretty(pg_table_size('opentenbase_2'));
 pg_size_pretty 
----------------
 464 kB
(1 row)
```

The capacity difference of the above data table "opentenbase_2" is half, and it can be basically determined that there is data skew.

## How to optimize problematic Sql statements  
### Check whether it is a distribution key query 

``` 
postgres=# explain select * from opentenbase_1 where f1=1;        
                                   QUERY PLAN                                   
--------------------------------------------------------------------------------
 Remote Fast Query Execution  (cost=0.00..0.00 rows=0 width=0)
   Node/s: dn001, dn002
   ->  Gather  (cost=1000.00..7827.20 rows=1 width=14)
         Workers Planned: 2
         ->  Parallel Seq Scan on opentenbase_1  (cost=0.00..6827.10 rows=1 width=14)
               Filter: (f1 = 1)
(6 rows)
```

```
postgres=# explain select * from opentenbase_1 where f2=1;
                                   QUERY PLAN                                   
--------------------------------------------------------------------------------
 Remote Fast Query Execution  (cost=0.00..0.00 rows=0 width=0)
   Node/s: dn001
   ->  Gather  (cost=1000.00..7827.20 rows=1 width=14)
         Workers Planned: 2
         ->  Parallel Seq Scan on opentenbase_1  (cost=0.00..6827.10 rows=1 width=14)
               Filter: (f2 = 1)
(6 rows)
```
The first query above is a non-distributed key query and needs to be sent to all nodes. In this way, the slowest node determines the speed of the entire business. The response performance of all nodes needs to be kept consistent. When designing the business query, use distributed keys as much as possible.

### Check whether upper index is used 

``` 
postgres=# create index opentenbase_2_f2_idx on opentenbase_2(f2); 
CREATE INDEX
postgres=# explain select * from opentenbase_2 where f2=1;
                                     QUERY PLAN                                      
-------------------------------------------------------------------------------------
 Remote Fast Query Execution  (cost=0.00..0.00 rows=0 width=0)
   Node/s: dn001, dn002
   ->  Index Scan using opentenbase_2_f2_idx on opentenbase_2  (cost=0.42..4.44 rows=1 width=14)
         Index Cond: (f2 = 1)
(4 rows)
```

```
postgres=# explain select * from opentenbase_2 where f3='1';
                                   QUERY PLAN                                   
--------------------------------------------------------------------------------
 Remote Fast Query Execution  (cost=0.00..0.00 rows=0 width=0)
   Node/s: dn001, dn002
   ->  Gather  (cost=1000.00..7827.20 rows=1 width=14)
         Workers Planned: 2
         ->  Parallel Seq Scan on opentenbase_2  (cost=0.00..6827.10 rows=1 width=14)
               Filter: (f3 = '1'::text)
(6 rows)

```

The first query uses an index, and the second does not use an index. Normally, using an index can speed up the query, but remember that indexes also increase the cost of updates.

### Check whether it is a distributed key join 

``` 
postgres=# explain  select opentenbase_1.* from opentenbase_1,opentenbase_2 where opentenbase_1.f1=opentenbase_2.f1 ;           
                                           QUERY PLAN                                           
------------------------------------------------------------------------------------------------
 Remote Subquery Scan on all (dn001,dn002)  (cost=29.80..186.32 rows=3872 width=40)
   ->  Hash Join  (cost=29.80..186.32 rows=3872 width=40)
         Hash Cond: (opentenbase_1.f1 = opentenbase_2.f1)
         ->  Remote Subquery Scan on all (dn001,dn002)  (cost=100.00..158.40 rows=880 width=40)
               Distribute results by S: f1
               ->  Seq Scan on opentenbase_1  (cost=0.00..18.80 rows=880 width=40)
         ->  Hash  (cost=18.80..18.80 rows=880 width=4)
               ->  Seq Scan on opentenbase_2  (cost=0.00..18.80 rows=880 width=4)
(8 rows)
```

```
postgres=# explain  select opentenbase_1.* from opentenbase_1,opentenbase_2 where opentenbase_1.f2=opentenbase_2.f1 ;   
                                   QUERY PLAN                                    
---------------------------------------------------------------------------------
 Remote Fast Query Execution  (cost=0.00..0.00 rows=0 width=0)
   Node/s: dn001, dn002
   ->  Hash Join  (cost=18904.69..46257.08 rows=500564 width=14)
         Hash Cond: (opentenbase_1.f2 = opentenbase_2.f1)
         ->  Seq Scan on opentenbase_1  (cost=0.00..9225.64 rows=500564 width=14)
         ->  Hash  (cost=9225.64..9225.64 rows=500564 width=4)
               ->  Seq Scan on opentenbase_2  (cost=0.00..9225.64 rows=500564 width=4)
(7 rows)
```

The first query requires data redistribution, but the second query does not. The distributed key join query performance will be higher.

### View the node where the join occurs  
```
postgres=#  explain  select opentenbase_1.* from opentenbase_1,opentenbase_2 where opentenbase_1.f1=opentenbase_2.f1 ;    
                                          QUERY PLAN                                           
-----------------------------------------------------------------------------------------------
 Hash Join  (cost=29.80..186.32 rows=3872 width=40)
   Hash Cond: (opentenbase_1.f1 = opentenbase_2.f1)
   ->  Remote Subquery Scan on all (dn001,dn002)  (cost=100.00..158.40 rows=880 width=40)
         ->  Seq Scan on opentenbase_1  (cost=0.00..18.80 rows=880 width=40)
   ->  Hash  (cost=126.72..126.72 rows=880 width=4)
         ->  Remote Subquery Scan on all (dn001,dn002)  (cost=100.00..126.72 rows=880 width=4)
               ->  Seq Scan on opentenbase_2  (cost=0.00..18.80 rows=880 width=4)
(7 rows)
```

```
postgres=# set prefer_olap to on;
SET
postgres=# explain  select opentenbase_1.* from opentenbase_1,opentenbase_2 where opentenbase_1.f1=opentenbase_2.f1 ;  
                                           QUERY PLAN                                           
------------------------------------------------------------------------------------------------
 Remote Subquery Scan on all (dn001,dn002)  (cost=29.80..186.32 rows=3872 width=40)
   ->  Hash Join  (cost=29.80..186.32 rows=3872 width=40)
         Hash Cond: (opentenbase_1.f1 = opentenbase_2.f1)
         ->  Remote Subquery Scan on all (dn001,dn002)  (cost=100.00..158.40 rows=880 width=40)
               Distribute results by S: f1
               ->  Seq Scan on opentenbase_1  (cost=0.00..18.80 rows=880 width=40)
         ->  Hash  (cost=18.80..18.80 rows=880 width=4)
               ->  Seq Scan on opentenbase_2  (cost=0.00..18.80 rows=880 width=4)
(8 rows)
```

The above join is executed on the cn node, and the following one is redistributed on the dn and then joined. In terms of business design, generally oltp business will have better performance when performing joins with small amounts of data on the cn.
### View the number of parallel workers 

```
postgres=# explain select count(1) from opentenbase_1;
                                      QUERY PLAN                                       
---------------------------------------------------------------------------------------
 Finalize Aggregate  (cost=118.81..118.83 rows=1 width=8)
   ->  Remote Subquery Scan on all (dn001,dn002)  (cost=118.80..118.81 rows=1 width=0)
         ->  Partial Aggregate  (cost=18.80..18.81 rows=1 width=8)
               ->  Seq Scan on opentenbase_1  (cost=0.00..18.80 rows=880 width=0)
(4 rows)
```

```
postgres=# analyze opentenbase_1;
ANALYZE
postgres=# explain select count(1) from opentenbase_1;
                                             QUERY PLAN                                             
----------------------------------------------------------------------------------------------------
 Parallel Finalize Aggregate  (cost=14728.45..14728.46 rows=1 width=8)
   ->  Parallel Remote Subquery Scan on all (dn001,dn002)  (cost=14728.33..14728.45 rows=1 width=0)
         ->  Gather  (cost=14628.33..14628.44 rows=1 width=8)
               Workers Planned: 2
               ->  Partial Aggregate  (cost=13628.33..13628.34 rows=1 width=8)
                     ->  Parallel Seq Scan on opentenbase_1  (cost=0.00..12586.67 rows=416667 width=0)
(6 rows)
```

The first query above does not run in parallel. It is correct to run parallelism after analysis. It is recommended to perform analysis after updating large amounts of data.

### Check whether the execution plans of each node are consistent  

```
./opentenbase_run_sql_dn_master.sh "explain select * from opentenbase_2 where f2=1"  
dn006 --- psql -h 172.16.0.13 -p 11227 -d postgres -U opentenbase -c "explain select * from opentenbase_2 where f2=1"
                                 QUERY PLAN                                  
-----------------------------------------------------------------------------
 Bitmap Heap Scan on opentenbase_2  (cost=2.18..7.70 rows=4 width=40)
   Recheck Cond: (f2 = 1)
   ->  Bitmap Index Scan on opentenbase_2_f2_idx  (cost=0.00..2.18 rows=4 width=0)
         Index Cond: (f2 = 1)
(4 rows)

dn002 --- psql -h 172.16.0.42 -p 11012 -d postgres -U opentenbase -c "explain select * from opentenbase_2 where f2=1"
                                  QUERY PLAN                                   
-------------------------------------------------------------------------------
 Index Scan using opentenbase_2_f2_idx on opentenbase_2  (cost=0.42..4.44 rows=1 width=14)
   Index Cond: (f2 = 1)
(2 rows)
```

The execution plans of these two DNs are inconsistent, which is most likely caused by data skew or the execution plan being disabled.

If possible, the DBA can be configured to perform full database analysis and vacuum when the system is idle. 

## Optimization example 
### count(distinct xx) optimization 
```
postgres=# CREATE TABLE t1(f1 serial not null unique,f2 text,f3 text,f4 text,f5 text,f6 text,f7 text,f8 text,f9 text,f10 text,f11 text,f12 text) distribute by shard(f1);
NOTICE:  Replica identity is needed for shard table, please add to this table through "alter table" command.
CREATE TABLE
Time: 89.938 ms

postgres=# insert into t1 select t,md5(t::text),md5(t::text),md5(t::text),md5(t::text),md5(t::text),md5(t::text),md5(t::text),md5(t::text),md5(t::text),md5(t::text),md5(t::text) from generate_series(1,1000000) as t;
INSERT 0 1000000
Time: 14849.045 ms (00:14.849)

postgres=# analyze t1;
ANALYZE
Time: 1340.387 ms (00:01.340)

postgres=# explain (verbose)  select count(distinct f2) from t1;  
                                                              QUERY PLAN                                                               
---------------------------------------------------------------------------------------------------------------------------------------
 Aggregate  (cost=103320.00..103320.01 rows=1 width=8)
   Output: count(DISTINCT f2)
   ->  Remote Subquery Scan on all (dn01,dn02,dn03,dn04,dn05,dn06,dn07,dn08,dn09,dn10)  (cost=100.00..100820.00 rows=1000000 width=33)
         Output: f2
         ->  Seq Scan on public.t1  (cost=0.00..62720.00 rows=1000000 width=33)
               Output: f2
(6 rows)

Time: 0.748 ms
postgres=# select count(distinct f2) from t1;  
  count  
---------
 1000000
(1 row)

Time: 6274.684 ms (00:06.275)

postgres=# select count(distinct f2) from t1 where f1 <10;       
 count 
-------
     9
(1 row)

Time: 19.261 ms
```

It is found above that count(distinct f2) occurs on the cn node. For TP services, when the amount of data to be operated is small, the performance overhead is no problem, and is often smaller than the performance overhead of pushdown execution. However, if the amount of data to be operated at one time is relatively large, the network transmission will become a bottleneck. Let’s take a look at the rewritten execution plan.  

```
postgres=# explain (verbose)  select count(1) from (select f2 from t1 group by f2) as t ; 
                                                                           QUERY PLAN                                                                            
-----------------------------------------------------------------------------------------------------------------------------------------------------------------
 Finalize Aggregate  (cost=355600.70..355600.71 rows=1 width=8)
   Output: count(1)
   ->  Remote Subquery Scan on all (dn01,dn02,dn03,dn04,dn05,dn06,dn07,dn08,dn09,dn10)  (cost=355600.69..355600.70 rows=1 width=0)
         Output: PARTIAL count(1)
         ->  Partial Aggregate  (cost=355500.69..355500.70 rows=1 width=8)
               Output: PARTIAL count(1)
               ->  Group  (cost=340500.69..345500.69 rows=1000000 width=33)
                     Output: t1.f2
                     Group Key: t1.f2
                     ->  Sort  (cost=340500.69..343000.69 rows=1000000 width=0)
                           Output: t1.f2
                           Sort Key: t1.f2
                           ->  Remote Subquery Scan on all (dn01,dn02,dn03,dn04,dn05,dn06,dn07,dn08,dn09,dn10)  (cost=216192.84..226192.84 rows=1000000 width=0)
                                 Output: t1.f2
                                 Distribute results by S: f2
                                 ->  Group  (cost=216092.84..221092.84 rows=1000000 width=33)
                                       Output: t1.f2
                                       Group Key: t1.f2
                                       ->  Sort  (cost=216092.84..218592.84 rows=1000000 width=33)
                                             Output: t1.f2
                                             Sort Key: t1.f2
                                             ->  Seq Scan on public.t1  (cost=0.00..62720.00 rows=1000000 width=33)
                                                   Output: t1.f2
(23 rows)

```

After rewriting, push it to dn in parallel for execution. Now let’s see the effect of execution.

```
postgres=# select count(1) from (select f2 from t1 group by f2) as t ; 
  count  
---------
 1000000
(1 row)

Time: 1328.431 ms (00:01.328)
postgres=# select count(1) from (select f2 from t1 where f1<10 group by f2) as t ; 
 count 
-------
     9
(1 row)

Time: 24.991 ms
postgres=# 
```

We can see that for AP services with large amounts of data calculations, the performance has increased by 5 times.

### Increase work_mem to reduce io access  

```
postgres=# CREATE TABLE t1(f1 serial not null unique,f2 text,f3 text,f4 text,f5 text,f6 text,f7 text,f8 text,f9 text,f10 text,f11 text,f12 text) distribute by shard(f1);
NOTICE:  Replica identity is needed for shard table, please add to this table through "alter table" command.
CREATE TABLE
Time: 70.545 ms

postgres=# CREATE TABLE t2(f1 serial not null unique,f2 text,f3 text,f4 text,f5 text,f6 text,f7 text,f8 text,f9 text,f10 text,f11 text,f12 text) distribute by shard(f1); 
NOTICE:  Replica identity is needed for shard table, please add to this table through "alter table" command.
CREATE TABLE
Time: 61.913 ms

postgres=# insert into t1 select t,md5(t::text),md5(t::text),md5(t::text),md5(t::text),md5(t::text),md5(t::text),md5(t::text),md5(t::text),md5(t::text),md5(t::text),md5(t::text) from generate_series(1,1000) as t;   
INSERT 0 1000
Time: 48.866 ms

postgres=# insert into t2 select t,md5(t::text),md5(t::text),md5(t::text),md5(t::text),md5(t::text),md5(t::text),md5(t::text),md5(t::text),md5(t::text),md5(t::text),md5(t::text) from generate_series(1,50000) as t;     
INSERT 0 50000
Time: 792.858 ms

postgres=# analyze t1;
ANALYZE
Time: 175.946 ms

postgres=# analyze t2;
ANALYZE
Time: 318.802 ms
postgres=# 

postgres=# explain  select * from t1 where f2 not in (select f2 from t2);                
                                                                  QUERY PLAN                                                                   
-----------------------------------------------------------------------------------------------------------------------------------------------
 Remote Subquery Scan on all (dn01,dn02,dn03,dn04,dn05,dn06,dn07,dn08,dn09,dn10)  (cost=0.00..2076712.50 rows=500 width=367)
   ->  Seq Scan on t1  (cost=0.00..2076712.50 rows=500 width=367)
         Filter: (NOT (SubPlan 1))
         SubPlan 1
           ->  Materialize  (cost=0.00..4028.00 rows=50000 width=33)
                 ->  Remote Subquery Scan on all (dn01,dn02,dn03,dn04,dn05,dn06,dn07,dn08,dn09,dn10)  (cost=0.00..3240.00 rows=50000 width=33)
                       ->  Seq Scan on t2  (cost=0.00..3240.00 rows=50000 width=33)
(7 rows)

Time: 0.916 ms
postgres=# select * from t1 where f2 not in (select f2 from t2);                
 f1 | f2 | f3 | f4 | f5 | f6 | f7 | f8 | f9 | f10 | f11 | f12 
----+----+----+----+----+----+----+----+----+-----+-----+-----
(0 rows)

Time: 4226.825 ms (00:04.227)
```
```
postgres=# set work_mem to '8MB';
SET
Time: 0.289 ms
postgres=# explain  select * from t1 where f2 not in (select f2 from t2);                
                                                               QUERY PLAN                                                                
-----------------------------------------------------------------------------------------------------------------------------------------
 Remote Subquery Scan on all (dn01,dn02,dn03,dn04,dn05,dn06,dn07,dn08,dn09,dn10)  (cost=3365.00..3577.50 rows=500 width=367)
   ->  Seq Scan on t1  (cost=3365.00..3577.50 rows=500 width=367)
         Filter: (NOT (hashed SubPlan 1))
         SubPlan 1
           ->  Remote Subquery Scan on all (dn01,dn02,dn03,dn04,dn05,dn06,dn07,dn08,dn09,dn10)  (cost=0.00..3240.00 rows=50000 width=33)
                 ->  Seq Scan on t2  (cost=0.00..3240.00 rows=50000 width=33)
(6 rows)

Time: 0.890 ms
postgres=# select * from t1 where f2 not in (select f2 from t2);           
 f1 | f2 | f3 | f4 | f5 | f6 | f7 | f8 | f9 | f10 | f11 | f12 
----+----+----+----+----+----+----+----+----+-----+-----+-----
(0 rows)

Time: 105.249 ms
```
After increasing work\_mem, the performance is improved by 40 times, because work\_mem is enough to store the filter data, and there is no need to do Materialize materialization. The filter has changed from the original subplan to a hash subplan, filtering directly in the memory hash table, and the performance Just went up

Note that work\_mem should not be too large by default. It is recommended to adjust it as needed in a specific query statement.

### not in is rewritten as anti join   
The performance is improved by increasing the computing memory above, but the memory cannot be expanded infinitely. The query performance can also be improved by rewriting the statement below.

```
postgres=#  explain select * from t1 left outer join t2 on t1.f2 = t2.f2 where t2.f2 is null; 
                                                                   QUERY PLAN                                                                    
-------------------------------------------------------------------------------------------------------------------------------------------------
 Remote Subquery Scan on all (dn01,dn02,dn03,dn04,dn05,dn06,dn07,dn08,dn09,dn10)  (cost=6405.00..9260.75 rows=1 width=734)
   ->  Hash Anti Join  (cost=6405.00..9260.75 rows=1 width=734)
         Hash Cond: (t1.f2 = t2.f2)
         ->  Remote Subquery Scan on all (dn01,dn02,dn03,dn04,dn05,dn06,dn07,dn08,dn09,dn10)  (cost=100.00..682.00 rows=1000 width=367)
               Distribute results by S: f2
               ->  Seq Scan on t1  (cost=0.00..210.00 rows=1000 width=367)
         ->  Hash  (cost=21940.00..21940.00 rows=50000 width=367)
               ->  Remote Subquery Scan on all (dn01,dn02,dn03,dn04,dn05,dn06,dn07,dn08,dn09,dn10)  (cost=100.00..21940.00 rows=50000 width=367)
                     Distribute results by S: f2
                     ->  Seq Scan on t2  (cost=0.00..3240.00 rows=50000 width=367)
(10 rows)

Time: 1.047 ms
postgres=# select * from t1 left outer join t2 on t1.f2 = t2.f2 where t2.f2 is null; 
 f1 | f2 | f3 | f4 | f5 | f6 | f7 | f8 | f9 | f10 | f11 | f12 | f1 | f2 | f3 | f4 | f5 | f6 | f7 | f8 | f9 | f10 | f11 | f12 
----+----+----+----+----+----+----+----+----+-----+-----+-----+----+----+----+----+----+----+----+----+----+-----+-----+-----
(0 rows)

Time: 107.233 ms
postgres=# 
```
You can also modify not exists 

```
postgres=# explain select * from t1 where not exists( select 1 from t2 where t1.f2=t2.f2);
                                                                  QUERY PLAN                                                                   
-----------------------------------------------------------------------------------------------------------------------------------------------
 Remote Subquery Scan on all (dn01,dn02,dn03,dn04,dn05,dn06,dn07,dn08,dn09,dn10)  (cost=3865.00..4078.75 rows=1 width=367)
   ->  Hash Anti Join  (cost=3865.00..4078.75 rows=1 width=367)
         Hash Cond: (t1.f2 = t2.f2)
         ->  Remote Subquery Scan on all (dn01,dn02,dn03,dn04,dn05,dn06,dn07,dn08,dn09,dn10)  (cost=100.00..682.00 rows=1000 width=367)
               Distribute results by S: f2
               ->  Seq Scan on t1  (cost=0.00..210.00 rows=1000 width=367)
         ->  Hash  (cost=5240.00..5240.00 rows=50000 width=33)
               ->  Remote Subquery Scan on all (dn01,dn02,dn03,dn04,dn05,dn06,dn07,dn08,dn09,dn10)  (cost=100.00..5240.00 rows=50000 width=33)
                     Distribute results by S: f2
                     ->  Seq Scan on t2  (cost=0.00..3240.00 rows=50000 width=33)
(10 rows)

Time: 0.974 ms
postgres=# select * from t1 where not exists( select 1 from t2 where t1.f2=t2.f2);        
 f1 | f2 | f3 | f4 | f5 | f6 | f7 | f8 | f9 | f10 | f11 | f12 
----+----+----+----+----+----+----+----+----+-----+-----+-----
(0 rows)

Time: 42.944 ms
```

### Distribution key jon+limit optimization   

```
--data preparation  
postgres=# CREATE TABLE t1(f1 serial not null unique,f2 text,f3 text,f4 text,f5 text,f6 text,f7 text,f8 text,f9 text,f10 text,f11 text,f12 text) distribute by shard(f1); 
NOTICE:  Replica identity is needed for shard table, please add to this table through "alter table" command.
CREATE TABLE
postgres=# CREATE TABLE t2(f1 serial not null unique,f2 text,f3 text,f4 text,f5 text,f6 text,f7 text,f8 text,f9 text,f10 text,f11 text,f12 text) distribute by shard(f1); 
NOTICE:  Replica identity is needed for shard table, please add to this table through "alter table" command.
CREATE TABLE
postgres=# insert into t1 select t,md5(t::text),md5(t::text),md5(t::text),md5(t::text),md5(t::text),md5(t::text),md5(t::text),md5(t::text),md5(t::text),md5(t::text),md5(t::text) from generate_series(1,1000000) as t;
INSERT 0 1000000
postgres=# insert into t2 select t,md5(t::text),md5(t::text),md5(t::text),md5(t::text),md5(t::text),md5(t::text),md5(t::text),md5(t::text),md5(t::text),md5(t::text),md5(t::text) from generate_series(1,1000000) as t; 
INSERT 0 1000000
postgres=# analyze t1;
ANALYZE
postgres=# analyze t2;
ANALYZE
postgres=# 

postgres=# \timing 
Timing is on.
postgres=# explain  select t1.* from t1,t2 where t1.f1=t2.f1 limit 10;
                                                                  QUERY PLAN                                                                  
----------------------------------------------------------------------------------------------------------------------------------------------
 Limit  (cost=0.25..1.65 rows=10 width=367)
   ->  Merge Join  (cost=0.25..140446.26 rows=1000000 width=367)
         Merge Cond: (t1.f1 = t2.f1)
         ->  Remote Subquery Scan on all (dn01,dn02,dn03,dn04,dn05,dn06,dn07,dn08,dn09,dn10)  (cost=100.12..434823.13 rows=1000000 width=367)
               ->  Index Scan using t1_f1_key on t1  (cost=0.12..62723.13 rows=1000000 width=367)
         ->  Remote Subquery Scan on all (dn01,dn02,dn03,dn04,dn05,dn06,dn07,dn08,dn09,dn10)  (cost=100.12..71823.13 rows=1000000 width=4)
               ->  Index Only Scan using t2_f1_key on t2  (cost=0.12..62723.13 rows=1000000 width=4)
(7 rows)

Time: 1.372 ms

postgres=# explain analyze  select t1.* from t1,t2 where t1.f1=t2.f1 limit 10;       
                                                                                         QUERY PLAN                                                                                         
--------------------------------------------------------------------------------------------------------------------------------------------------------------------------------------------
 Limit  (cost=0.25..1.65 rows=10 width=367) (actual time=2675.437..2948.199 rows=10 loops=1)
   ->  Merge Join  (cost=0.25..140446.26 rows=1000000 width=367) (actual time=2675.431..2675.508 rows=10 loops=1)
         Merge Cond: (t1.f1 = t2.f1)
         ->  Remote Subquery Scan on all (dn01,dn02,dn03,dn04,dn05,dn06,dn07,dn08,dn09,dn10)  (cost=100.12..434823.13 rows=1000000 width=367) (actual time=1.661..1.704 rows=10 loops=1)
         ->  Remote Subquery Scan on all (dn01,dn02,dn03,dn04,dn05,dn06,dn07,dn08,dn09,dn10)  (cost=100.12..71823.13 rows=1000000 width=4) (actual time=2673.761..2673.783 rows=10 loops=1)
 Planning time: 0.358 ms
 Execution time: 2973.948 ms
(7 rows)

Time: 2976.008 ms (00:02.976)
postgres=# 
```

It seems that the execution plan is executed on cn. Merge join needs to pull the data to be joined back to cn, sort it, and then join. The main cost here is the network. The optimization method is to let the statement be pushed down for calculation.

```
postgres=# set prefer_olap to on;
SET
Time: 0.291 ms
postgres=#  explain  select t1.* from t1,t2 where t1.f1=t2.f1 limit 10;
                                                           QUERY PLAN                                                           
--------------------------------------------------------------------------------------------------------------------------------
 Limit  (cost=100.25..101.70 rows=10 width=367)
   ->  Remote Subquery Scan on all (dn01,dn02,dn03,dn04,dn05,dn06,dn07,dn08,dn09,dn10)  (cost=100.25..101.70 rows=10 width=367)
         ->  Limit  (cost=0.25..1.65 rows=10 width=367)
               ->  Merge Join  (cost=0.25..140446.26 rows=1000000 width=367)
                     Merge Cond: (t1.f1 = t2.f1)
                     ->  Index Scan using t1_f1_key on t1  (cost=0.12..62723.13 rows=1000000 width=367)
                     ->  Index Only Scan using t2_f1_key on t2  (cost=0.12..62723.13 rows=1000000 width=4)
(7 rows)

Time: 1.061 ms

postgres=# explain analyze  select t1.* from t1,t2 where t1.f1=t2.f1 limit 10;   
                                                                                QUERY PLAN                                                                                 
---------------------------------------------------------------------------------------------------------------------------------------------------------------------------
 Limit  (cost=100.25..101.70 rows=10 width=367) (actual time=1.527..3.899 rows=10 loops=1)
   ->  Remote Subquery Scan on all (dn01,dn02,dn03,dn04,dn05,dn06,dn07,dn08,dn09,dn10)  (cost=100.25..101.70 rows=10 width=367) (actual time=1.525..1.529 rows=10 loops=1)
 Planning time: 0.360 ms
 Execution time: 18.193 ms
(4 rows)

Time: 19.921 ms
```

The performance difference is 150 times. In general, if a large amount of data needs to be pulled back to cn for calculation, the efficiency of pushdown execution will be better.

### Non-distributed key join using hash join generally has the best performance 
  
In order to improve the performance of TP business queries, we often need to index some fields. When using indexed field joins, the system often uses Merge Cond and nestloop.

```
--Prepare data
mydb=# CREATE TABLE t1(f1 serial not null,f2 text,f3 text,f4 text,f5 text,f6 text,f7 text,f8 text,f9 text,f10 text,f11 text,f12 text) distribute by shard(f1); 
NOTICE:  Replica identity is needed for shard table, please add to this table through "alter table" command.
CREATE TABLE
Time: 481.042 ms

mydb=# create index t1_f1_idx on t1(f2); 
CREATE INDEX
Time: 85.521 ms

mydb=# CREATE TABLE t2(f1 serial not null,f2 text,f3 text,f4 text,f5 text,f6 text,f7 text,f8 text,f9 text,f10 text,f11 text,f12 text) distribute by shard(f1); 
NOTICE:  Replica identity is needed for shard table, please add to this table through "alter table" command.
CREATE TABLE
Time: 75.973 ms

mydb=# create index t2_f1_idx on t2(f2);  
CREATE INDEX
Time: 29.890 ms

mydb=# insert into t1 select t,md5(t::text),md5(t::text),md5(t::text),md5(t::text),md5(t::text),md5(t::text),md5(t::text),md5(t::text),md5(t::text),md5(t::text),md5(t::text) from generate_series(1,1000000) as t;
INSERT 0 1000000
Time: 16450.623 ms (00:16.451)

mydb=# insert into t2 select t,md5(t::text),md5(t::text),md5(t::text),md5(t::text),md5(t::text),md5(t::text),md5(t::text),md5(t::text),md5(t::text),md5(t::text),md5(t::text) from generate_series(1,1000000) as t; 
INSERT 0 1000000
Time: 17218.738 ms (00:17.219)

mydb=# analyze t1;
ANALYZE

Time: 2219.341 ms (00:02.219)
mydb=# analyze t2;
ANALYZE

Time: 1649.506 ms (00:01.650)
mydb=# 
```

```
--merge join

mydb=# explain select t1.* from t1,t2 where t1.f2=t2.f2 limit 10;
                                                       QUERY PLAN                                                        
-------------------------------------------------------------------------------------------------------------------------
 Limit  (cost=100.25..102.78 rows=10 width=367)
   ->  Remote Subquery Scan on all (dn001,dn002)  (cost=100.25..102.78 rows=10 width=367)
         ->  Limit  (cost=0.25..2.73 rows=10 width=367)
               ->  Merge Join  (cost=0.25..248056.80 rows=1000000 width=367)
                     Merge Cond: (t1.f2 = t2.f2)
                     ->  Remote Subquery Scan on all (dn001,dn002)  (cost=100.12..487380.85 rows=1000000 width=367)
                           Distribute results by S: f2
                           ->  Index Scan using t1_f1_idx on t1  (cost=0.12..115280.85 rows=1000000 width=367)
                     ->  Materialize  (cost=100.12..155875.95 rows=1000000 width=33)
                           ->  Remote Subquery Scan on all (dn001,dn002)  (cost=100.12..153375.95 rows=1000000 width=33)
                                 Distribute results by S: f2
                                 ->  Index Only Scan using t2_f1_idx on t2  (cost=0.12..115275.95 rows=1000000 width=33)
(12 rows)

Time: 4.183 ms

mydb=# explain analyze select t1.* from t1,t2 where t1.f2=t2.f2 limit 10;
                                                                QUERY PLAN                                                                 
-------------------------------------------------------------------------------------------------------------------------------------------
 Limit  (cost=100.25..102.78 rows=10 width=367) (actual time=6555.346..6556.296 rows=10 loops=1)
   ->  Remote Subquery Scan on all (dn001,dn002)  (cost=100.25..102.78 rows=10 width=367) (actual time=6555.343..6555.349 rows=10 loops=1)
 Planning time: 0.473 ms
 Execution time: 6569.828 ms
(4 rows)

Time: 6614.439 ms (00:06.614)
```

```
--nested loop  

mydb=# set enable_mergejoin to off;
SET
Time: 0.422 ms
mydb=# explain select t1.* from t1,t2 where t1.f2=t2.f2 limit 10;
                                                     QUERY PLAN                                                     
--------------------------------------------------------------------------------------------------------------------
 Limit  (cost=100.12..103.57 rows=10 width=367)
   ->  Remote Subquery Scan on all (dn001,dn002)  (cost=100.12..103.57 rows=10 width=367)
         ->  Limit  (cost=0.12..3.52 rows=10 width=367)
               ->  Nested Loop  (cost=0.12..339232.00 rows=1000000 width=367)
                     ->  Remote Subquery Scan on all (dn001,dn002)  (cost=100.00..434740.00 rows=1000000 width=367)
                           Distribute results by S: f2
                           ->  Seq Scan on t1  (cost=0.00..62640.00 rows=1000000 width=367)
                     ->  Materialize  (cost=100.12..100.31 rows=1 width=33)
                           ->  Remote Subquery Scan on all (dn001,dn002)  (cost=100.12..100.30 rows=1 width=33)
                                 Distribute results by S: f2
                                 ->  Index Only Scan using t2_f1_idx on t2  (cost=0.12..0.27 rows=1 width=33)
                                       Index Cond: (f2 = t1.f2)
(12 rows)

Time: 1.033 ms

mydb=# explain analyze select t1.* from t1,t2 where t1.f2=t2.f2 limit 10;
                                                                QUERY PLAN                                                                 
-------------------------------------------------------------------------------------------------------------------------------------------
 Limit  (cost=100.12..103.57 rows=10 width=367) (actual time=5608.326..5609.571 rows=10 loops=1)
   ->  Remote Subquery Scan on all (dn001,dn002)  (cost=100.12..103.57 rows=10 width=367) (actual time=5608.323..5608.349 rows=10 loops=1)
 Planning time: 0.347 ms
 Execution time: 5669.901 ms
(4 rows)

Time: 5672.584 ms (00:05.673)
```
```
--hash join

mydb=# set enable_nestloop to off;
SET
Time: 0.436 ms
mydb=#  explain select t1.* from t1,t2 where t1.f2=t2.f2 limit 10;
                                                       QUERY PLAN                                                        
-------------------------------------------------------------------------------------------------------------------------
 Limit  (cost=85983.00..85984.94 rows=10 width=367)
   ->  Remote Subquery Scan on all (dn001,dn002)  (cost=85983.00..85984.94 rows=10 width=367)
         ->  Limit  (cost=85883.00..85884.89 rows=10 width=367)
               ->  Hash Join  (cost=85883.00..274580.00 rows=1000000 width=367)
                     Hash Cond: (t1.f2 = t2.f2)
                     ->  Remote Subquery Scan on all (dn001,dn002)  (cost=100.00..434740.00 rows=1000000 width=367)
                           Distribute results by S: f2
                           ->  Seq Scan on t1  (cost=0.00..62640.00 rows=1000000 width=367)
                     ->  Hash  (cost=100740.00..100740.00 rows=1000000 width=33)
                           ->  Remote Subquery Scan on all (dn001,dn002)  (cost=100.00..100740.00 rows=1000000 width=33)
                                 Distribute results by S: f2
                                 ->  Seq Scan on t2  (cost=0.00..62640.00 rows=1000000 width=33)
(12 rows)

Time: 1.141 ms

mydb=#  explain analyze select t1.* from t1,t2 where t1.f2=t2.f2 limit 10;
                                                                  QUERY PLAN                                                                   
-----------------------------------------------------------------------------------------------------------------------------------------------
 Limit  (cost=85983.00..85984.94 rows=10 width=367) (actual time=1083.691..1085.962 rows=10 loops=1)
   ->  Remote Subquery Scan on all (dn001,dn002)  (cost=85983.00..85984.94 rows=10 width=367) (actual time=1083.688..1083.699 rows=10 loops=1)
 Planning time: 0.530 ms
 Execution time: 1108.830 ms
(4 rows)

Time: 1117.713 ms (00:01.118)
```

### Optimization of exists  
 
When exists has a relatively large amount of data, Semi Join is generally used. When work_mem is large enough, hash join is used, and the performance will be better.

```
postgres=# show work_mem;
 work_mem 
----------
 4MB
(1 row)

Time: 0.298 ms
postgres=# explain  select count(1) from t1 where exists(select 1 from t2 where t2.t1_f1=t1.f1);
                                                      QUERY PLAN                                                       
-----------------------------------------------------------------------------------------------------------------------
 Finalize Aggregate  (cost=242218.32..242218.33 rows=1 width=8)
   ->  Remote Subquery Scan on all (dn001,dn002)  (cost=242218.30..242218.32 rows=1 width=0)
         ->  Partial Aggregate  (cost=242118.30..242118.31 rows=1 width=8)
               ->  Hash Semi Join  (cost=110248.00..242118.30 rows=505421 width=0)
                     Hash Cond: (t1.f1 = t2.t1_f1)
                     ->  Seq Scan on t1  (cost=0.00..17420.00 rows=1000000 width=4)
                     ->  Hash  (cost=79340.00..79340.00 rows=3000000 width=4)
                           ->  Remote Subquery Scan on all (dn001,dn002)  (cost=100.00..79340.00 rows=3000000 width=4)
                                 Distribute results by S: t1_f1
                                 ->  Seq Scan on t2  (cost=0.00..52240.00 rows=3000000 width=4)
(10 rows)

Time: 1.091 ms
postgres=# select count(1) from t1 where exists(select 1 from t2 where t2.t1_f1=t1.f1);         
 count  
--------
 500000
(1 row)

Time: 3779.401 ms (00:03.779)
```

```
postgres=# set work_mem to '128MB';
SET
Time: 0.368 ms
postgres=# explain  select count(1) from t1 where exists(select 1 from t2 where t2.t1_f1=t1.f1);
                                                    QUERY PLAN                                                    
------------------------------------------------------------------------------------------------------------------
 Finalize Aggregate  (cost=101763.76..101763.77 rows=1 width=8)
   ->  Remote Subquery Scan on all (dn001,dn002)  (cost=101763.75..101763.76 rows=1 width=0)
         ->  Partial Aggregate  (cost=101663.75..101663.76 rows=1 width=8)
               ->  Hash Join  (cost=89660.00..101663.75 rows=505421 width=0)
                     Hash Cond: (t2.t1_f1 = t1.f1)
                     ->  Remote Subquery Scan on all (dn001,dn002)  (cost=59840.00..69443.00 rows=505421 width=4)
                           Distribute results by S: t1_f1
                           ->  HashAggregate  (cost=59740.00..64794.21 rows=505421 width=4)
                                 Group Key: t2.t1_f1
                                 ->  Seq Scan on t2  (cost=0.00..52240.00 rows=3000000 width=4)
                     ->  Hash  (cost=17420.00..17420.00 rows=1000000 width=4)
                           ->  Seq Scan on t1  (cost=0.00..17420.00 rows=1000000 width=4)
(12 rows)

Time: 4.739 ms
postgres=# select count(1) from t1 where exists(select 1 from t2 where t2.t1_f1=t1.f1);         
 count  
--------
 500000
(1 row)

Time: 1942.037 ms (00:01.942)
postgres=# 
```

Approximately double the performance improvement
