
<!doctype html>
<html lang="en" class="no-js">
  <head>
    
      <meta charset="utf-8">
      <meta name="viewport" content="width=device-width,initial-scale=1">
      
      
      
      
        <link rel="prev" href="../08-data-dump-restore/">
      
      
        <link rel="next" href="../10-pg_clean/">
      
      
      <link rel="icon" href="../../../assets/favicon.png">
      <meta name="generator" content="mkdocs-1.6.1, mkdocs-material-9.6.16">
    
    
      
        <title>Problem tracking and Performance Optimization - OpenTenBase Documentation</title>
      
    
    
      <link rel="stylesheet" href="../../../assets/stylesheets/main.7e37652d.min.css">
      
        
        <link rel="stylesheet" href="../../../assets/stylesheets/palette.06af60db.min.css">
      
      


    
    
      
    
    
      
        
        
        <link rel="preconnect" href="https://fonts.gstatic.com" crossorigin>
        <link rel="stylesheet" href="https://fonts.googleapis.com/css?family=Roboto:300,300i,400,400i,700,700i%7CRoboto+Mono:400,400i,700,700i&display=fallback">
        <style>:root{--md-text-font:"Roboto";--md-code-font:"Roboto Mono"}</style>
      
    
    
    <script>__md_scope=new URL("../../..",location),__md_hash=e=>[...e].reduce(((e,_)=>(e<<5)-e+_.charCodeAt(0)),0),__md_get=(e,_=localStorage,t=__md_scope)=>JSON.parse(_.getItem(t.pathname+"."+e)),__md_set=(e,_,t=localStorage,a=__md_scope)=>{try{t.setItem(a.pathname+"."+e,JSON.stringify(_))}catch(e){}}</script>
    
      

    
    
    
  </head>
  
  
    
    
      
    
    
    
    
    <body dir="ltr" data-md-color-scheme="default" data-md-color-primary="indigo" data-md-color-accent="indigo">
  
    
    <input class="md-toggle" data-md-toggle="drawer" type="checkbox" id="__drawer" autocomplete="off">
    <input class="md-toggle" data-md-toggle="search" type="checkbox" id="__search" autocomplete="off">
    <label class="md-overlay" for="__drawer"></label>
    <div data-md-component="skip">
      
        
        <a href="#_1" class="md-skip">
          Skip to content
        </a>
      
    </div>
    <div data-md-component="announce">
      
    </div>
    
    
      

<header class="md-header" data-md-component="header">
  <nav class="md-header__inner md-grid" aria-label="Header">
    <a href="../../" title="OpenTenBase Documentation" class="md-header__button md-logo" aria-label="OpenTenBase Documentation" data-md-component="logo">
      
  <img src="../../../assets/logo.svg" alt="logo">

    </a>
    <label class="md-header__button md-icon" for="__drawer">
      
      <svg xmlns="http://www.w3.org/2000/svg" viewBox="0 0 24 24"><path d="M3 6h18v2H3zm0 5h18v2H3zm0 5h18v2H3z"/></svg>
    </label>
    <div class="md-header__title" data-md-component="header-title">
      <div class="md-header__ellipsis">
        <div class="md-header__topic">
          <span class="md-ellipsis">
            OpenTenBase Documentation
          </span>
        </div>
        <div class="md-header__topic" data-md-component="header-topic">
          <span class="md-ellipsis">
            
              Problem tracking and Performance Optimization
            
          </span>
        </div>
      </div>
    </div>
    
      
        <form class="md-header__option" data-md-component="palette">
  
    
    
    
    <input class="md-option" data-md-color-media="" data-md-color-scheme="default" data-md-color-primary="indigo" data-md-color-accent="indigo"  aria-label="Switch to dark mode"  type="radio" name="__palette" id="__palette_0">
    
      <label class="md-header__button md-icon" title="Switch to dark mode" for="__palette_1" hidden>
        <svg xmlns="http://www.w3.org/2000/svg" viewBox="0 0 24 24"><path d="M12 8a4 4 0 0 0-4 4 4 4 0 0 0 4 4 4 4 0 0 0 4-4 4 4 0 0 0-4-4m0 10a6 6 0 0 1-6-6 6 6 0 0 1 6-6 6 6 0 0 1 6 6 6 6 0 0 1-6 6m8-9.31V4h-4.69L12 .69 8.69 4H4v4.69L.69 12 4 15.31V20h4.69L12 23.31 15.31 20H20v-4.69L23.31 12z"/></svg>
      </label>
    
  
    
    
    
    <input class="md-option" data-md-color-media="" data-md-color-scheme="slate" data-md-color-primary="indigo" data-md-color-accent="indigo"  aria-label="Switch to light mode"  type="radio" name="__palette" id="__palette_1">
    
      <label class="md-header__button md-icon" title="Switch to light mode" for="__palette_0" hidden>
        <svg xmlns="http://www.w3.org/2000/svg" viewBox="0 0 24 24"><path d="M12 18c-.89 0-1.74-.2-2.5-.55C11.56 16.5 13 14.42 13 12s-1.44-4.5-3.5-5.45C10.26 6.2 11.11 6 12 6a6 6 0 0 1 6 6 6 6 0 0 1-6 6m8-9.31V4h-4.69L12 .69 8.69 4H4v4.69L.69 12 4 15.31V20h4.69L12 23.31 15.31 20H20v-4.69L23.31 12z"/></svg>
      </label>
    
  
</form>
      
    
    
      <script>var palette=__md_get("__palette");if(palette&&palette.color){if("(prefers-color-scheme)"===palette.color.media){var media=matchMedia("(prefers-color-scheme: light)"),input=document.querySelector(media.matches?"[data-md-color-media='(prefers-color-scheme: light)']":"[data-md-color-media='(prefers-color-scheme: dark)']");palette.color.media=input.getAttribute("data-md-color-media"),palette.color.scheme=input.getAttribute("data-md-color-scheme"),palette.color.primary=input.getAttribute("data-md-color-primary"),palette.color.accent=input.getAttribute("data-md-color-accent")}for(var[key,value]of Object.entries(palette.color))document.body.setAttribute("data-md-color-"+key,value)}</script>
    
    
      <div class="md-header__option">
  <div class="md-select">
    
    <button class="md-header__button md-icon" aria-label="Select language">
      <svg xmlns="http://www.w3.org/2000/svg" viewBox="0 0 24 24"><path d="m12.87 15.07-2.54-2.51.03-.03A17.5 17.5 0 0 0 14.07 6H17V4h-7V2H8v2H1v2h11.17C11.5 7.92 10.44 9.75 9 11.35 8.07 10.32 7.3 9.19 6.69 8h-2c.73 1.63 1.73 3.17 2.98 4.56l-5.09 5.02L4 19l5-5 3.11 3.11zM18.5 10h-2L12 22h2l1.12-3h4.75L21 22h2zm-2.62 7 1.62-4.33L19.12 17z"/></svg>
    </button>
    <div class="md-select__inner">
      <ul class="md-select__list">
        
          <li class="md-select__item">
            <a href="../../../guide/09-problem-performance/" hreflang="zh" class="md-select__link">
              中文
            </a>
          </li>
        
          <li class="md-select__item">
            <a href="./" hreflang="en" class="md-select__link">
              English
            </a>
          </li>
        
      </ul>
    </div>
  </div>
</div>
    
    
      
      
        <label class="md-header__button md-icon" for="__search">
          
          <svg xmlns="http://www.w3.org/2000/svg" viewBox="0 0 24 24"><path d="M9.5 3A6.5 6.5 0 0 1 16 9.5c0 1.61-.59 3.09-1.56 4.23l.27.27h.79l5 5-1.5 1.5-5-5v-.79l-.27-.27A6.52 6.52 0 0 1 9.5 16 6.5 6.5 0 0 1 3 9.5 6.5 6.5 0 0 1 9.5 3m0 2C7 5 5 7 5 9.5S7 14 9.5 14 14 12 14 9.5 12 5 9.5 5"/></svg>
        </label>
        <div class="md-search" data-md-component="search" role="dialog">
  <label class="md-search__overlay" for="__search"></label>
  <div class="md-search__inner" role="search">
    <form class="md-search__form" name="search">
      <input type="text" class="md-search__input" name="query" aria-label="Search" placeholder="Search" autocapitalize="off" autocorrect="off" autocomplete="off" spellcheck="false" data-md-component="search-query" required>
      <label class="md-search__icon md-icon" for="__search">
        
        <svg xmlns="http://www.w3.org/2000/svg" viewBox="0 0 24 24"><path d="M9.5 3A6.5 6.5 0 0 1 16 9.5c0 1.61-.59 3.09-1.56 4.23l.27.27h.79l5 5-1.5 1.5-5-5v-.79l-.27-.27A6.52 6.52 0 0 1 9.5 16 6.5 6.5 0 0 1 3 9.5 6.5 6.5 0 0 1 9.5 3m0 2C7 5 5 7 5 9.5S7 14 9.5 14 14 12 14 9.5 12 5 9.5 5"/></svg>
        
        <svg xmlns="http://www.w3.org/2000/svg" viewBox="0 0 24 24"><path d="M20 11v2H8l5.5 5.5-1.42 1.42L4.16 12l7.92-7.92L13.5 5.5 8 11z"/></svg>
      </label>
      <nav class="md-search__options" aria-label="Search">
        
          <a href="javascript:void(0)" class="md-search__icon md-icon" title="Share" aria-label="Share" data-clipboard data-clipboard-text="" data-md-component="search-share" tabindex="-1">
            
            <svg xmlns="http://www.w3.org/2000/svg" viewBox="0 0 24 24"><path d="M18 16.08c-.76 0-1.44.3-1.96.77L8.91 12.7c.05-.23.09-.46.09-.7s-.04-.47-.09-.7l7.05-4.11c.54.5 1.25.81 2.04.81a3 3 0 0 0 3-3 3 3 0 0 0-3-3 3 3 0 0 0-3 3c0 .24.04.47.09.7L8.04 9.81C7.5 9.31 6.79 9 6 9a3 3 0 0 0-3 3 3 3 0 0 0 3 3c.79 0 1.5-.31 2.04-.81l7.12 4.15c-.05.21-.08.43-.08.66 0 1.61 1.31 2.91 2.92 2.91s2.92-1.3 2.92-2.91A2.92 2.92 0 0 0 18 16.08"/></svg>
          </a>
        
        <button type="reset" class="md-search__icon md-icon" title="Clear" aria-label="Clear" tabindex="-1">
          
          <svg xmlns="http://www.w3.org/2000/svg" viewBox="0 0 24 24"><path d="M19 6.41 17.59 5 12 10.59 6.41 5 5 6.41 10.59 12 5 17.59 6.41 19 12 13.41 17.59 19 19 17.59 13.41 12z"/></svg>
        </button>
      </nav>
      
        <div class="md-search__suggest" data-md-component="search-suggest"></div>
      
    </form>
    <div class="md-search__output">
      <div class="md-search__scrollwrap" tabindex="0" data-md-scrollfix>
        <div class="md-search-result" data-md-component="search-result">
          <div class="md-search-result__meta">
            Initializing search
          </div>
          <ol class="md-search-result__list" role="presentation"></ol>
        </div>
      </div>
    </div>
  </div>
</div>
      
    
    
      <div class="md-header__source">
        <a href="https://github.com/OpenTenBase/docs" title="Go to repository" class="md-source" data-md-component="source">
  <div class="md-source__icon md-icon">
    
    <svg xmlns="http://www.w3.org/2000/svg" viewBox="0 0 512 512"><!--! Font Awesome Free 7.0.0 by @fontawesome - https://fontawesome.com License - https://fontawesome.com/license/free (Icons: CC BY 4.0, Fonts: SIL OFL 1.1, Code: MIT License) Copyright 2025 Fonticons, Inc.--><path fill="currentColor" d="M173.9 397.4c0 2-2.3 3.6-5.2 3.6-3.3.3-5.6-1.3-5.6-3.6 0-2 2.3-3.6 5.2-3.6 3-.3 5.6 1.3 5.6 3.6m-31.1-4.5c-.7 2 1.3 4.3 4.3 4.9 2.6 1 5.6 0 6.2-2s-1.3-4.3-4.3-5.2c-2.6-.7-5.5.3-6.2 2.3m44.2-1.7c-2.9.7-4.9 2.6-4.6 4.9.3 2 2.9 3.3 5.9 2.6 2.9-.7 4.9-2.6 4.6-4.6-.3-1.9-3-3.2-5.9-2.9M252.8 8C114.1 8 8 113.3 8 252c0 110.9 69.8 205.8 169.5 239.2 12.8 2.3 17.3-5.6 17.3-12.1 0-6.2-.3-40.4-.3-61.4 0 0-70 15-84.7-29.8 0 0-11.4-29.1-27.8-36.6 0 0-22.9-15.7 1.6-15.4 0 0 24.9 2 38.6 25.8 21.9 38.6 58.6 27.5 72.9 20.9 2.3-16 8.8-27.1 16-33.7-55.9-6.2-112.3-14.3-112.3-110.5 0-27.5 7.6-41.3 23.6-58.9-2.6-6.5-11.1-33.3 2.6-67.9 20.9-6.5 69 27 69 27 20-5.6 41.5-8.5 62.8-8.5s42.8 2.9 62.8 8.5c0 0 48.1-33.6 69-27 13.7 34.7 5.2 61.4 2.6 67.9 16 17.7 25.8 31.5 25.8 58.9 0 96.5-58.9 104.2-114.8 110.5 9.2 7.9 17 22.9 17 46.4 0 33.7-.3 75.4-.3 83.6 0 6.5 4.6 14.4 17.3 12.1C436.2 457.8 504 362.9 504 252 504 113.3 391.5 8 252.8 8M105.2 352.9c-1.3 1-1 3.3.7 5.2 1.6 1.6 3.9 2.3 5.2 1 1.3-1 1-3.3-.7-5.2-1.6-1.6-3.9-2.3-5.2-1m-10.8-8.1c-.7 1.3.3 2.9 2.3 3.9 1.6 1 3.6.7 4.3-.7.7-1.3-.3-2.9-2.3-3.9-2-.6-3.6-.3-4.3.7m32.4 35.6c-1.6 1.3-1 4.3 1.3 6.2 2.3 2.3 5.2 2.6 6.5 1 1.3-1.3.7-4.3-1.3-6.2-2.2-2.3-5.2-2.6-6.5-1m-11.4-14.7c-1.6 1-1.6 3.6 0 5.9s4.3 3.3 5.6 2.3c1.6-1.3 1.6-3.9 0-6.2-1.4-2.3-4-3.3-5.6-2"/></svg>
  </div>
  <div class="md-source__repository">
    OpenTenBase/docs
  </div>
</a>
      </div>
    
  </nav>
  
</header>
    
    <div class="md-container" data-md-component="container">
      
      
        
          
            
<nav class="md-tabs" aria-label="Tabs" data-md-component="tabs">
  <div class="md-grid">
    <ul class="md-tabs__list">
      
        
  
  
  
  
    <li class="md-tabs__item">
      <a href="../../" class="md-tabs__link">
        
  
  
    
  
  Home

      </a>
    </li>
  

      
        
  
  
  
    
  
  
    
    
      
  
  
  
    
  
  
    
    
      <li class="md-tabs__item md-tabs__item--active">
        <a href="../01-quickstart/" class="md-tabs__link">
          
  
  
    
  
  Guide

        </a>
      </li>
    
  

    
  

      
        
  
  
  
  
    
    
      
  
  
  
  
    
    
      <li class="md-tabs__item">
        <a href="../../release/v2-6-0/" class="md-tabs__link">
          
  
  
    
  
  Releases

        </a>
      </li>
    
  

    
  

      
        
  
  
  
  
    
    
      <li class="md-tabs__item">
        <a href="../../faq/" class="md-tabs__link">
          
  
  
    
  
  FAQ

        </a>
      </li>
    
  

      
        
  
  
  
  
    
    
      <li class="md-tabs__item">
        <a href="../../contribution/how-to/" class="md-tabs__link">
          
  
  
    
  
  Contributing

        </a>
      </li>
    
  

      
        
  
  
  
  
    <li class="md-tabs__item">
      <a href="../../download/" class="md-tabs__link">
        
  
  
    
  
  Download

      </a>
    </li>
  

      
    </ul>
  </div>
</nav>
          
        
      
      <main class="md-main" data-md-component="main">
        <div class="md-main__inner md-grid">
          
            
              
              <div class="md-sidebar md-sidebar--primary" data-md-component="sidebar" data-md-type="navigation" >
                <div class="md-sidebar__scrollwrap">
                  <div class="md-sidebar__inner">
                    


  


<nav class="md-nav md-nav--primary md-nav--lifted" aria-label="Navigation" data-md-level="0">
  <label class="md-nav__title" for="__drawer">
    <a href="../../" title="OpenTenBase Documentation" class="md-nav__button md-logo" aria-label="OpenTenBase Documentation" data-md-component="logo">
      
  <img src="../../../assets/logo.svg" alt="logo">

    </a>
    OpenTenBase Documentation
  </label>
  
    <div class="md-nav__source">
      <a href="https://github.com/OpenTenBase/docs" title="Go to repository" class="md-source" data-md-component="source">
  <div class="md-source__icon md-icon">
    
    <svg xmlns="http://www.w3.org/2000/svg" viewBox="0 0 512 512"><!--! Font Awesome Free 7.0.0 by @fontawesome - https://fontawesome.com License - https://fontawesome.com/license/free (Icons: CC BY 4.0, Fonts: SIL OFL 1.1, Code: MIT License) Copyright 2025 Fonticons, Inc.--><path fill="currentColor" d="M173.9 397.4c0 2-2.3 3.6-5.2 3.6-3.3.3-5.6-1.3-5.6-3.6 0-2 2.3-3.6 5.2-3.6 3-.3 5.6 1.3 5.6 3.6m-31.1-4.5c-.7 2 1.3 4.3 4.3 4.9 2.6 1 5.6 0 6.2-2s-1.3-4.3-4.3-5.2c-2.6-.7-5.5.3-6.2 2.3m44.2-1.7c-2.9.7-4.9 2.6-4.6 4.9.3 2 2.9 3.3 5.9 2.6 2.9-.7 4.9-2.6 4.6-4.6-.3-1.9-3-3.2-5.9-2.9M252.8 8C114.1 8 8 113.3 8 252c0 110.9 69.8 205.8 169.5 239.2 12.8 2.3 17.3-5.6 17.3-12.1 0-6.2-.3-40.4-.3-61.4 0 0-70 15-84.7-29.8 0 0-11.4-29.1-27.8-36.6 0 0-22.9-15.7 1.6-15.4 0 0 24.9 2 38.6 25.8 21.9 38.6 58.6 27.5 72.9 20.9 2.3-16 8.8-27.1 16-33.7-55.9-6.2-112.3-14.3-112.3-110.5 0-27.5 7.6-41.3 23.6-58.9-2.6-6.5-11.1-33.3 2.6-67.9 20.9-6.5 69 27 69 27 20-5.6 41.5-8.5 62.8-8.5s42.8 2.9 62.8 8.5c0 0 48.1-33.6 69-27 13.7 34.7 5.2 61.4 2.6 67.9 16 17.7 25.8 31.5 25.8 58.9 0 96.5-58.9 104.2-114.8 110.5 9.2 7.9 17 22.9 17 46.4 0 33.7-.3 75.4-.3 83.6 0 6.5 4.6 14.4 17.3 12.1C436.2 457.8 504 362.9 504 252 504 113.3 391.5 8 252.8 8M105.2 352.9c-1.3 1-1 3.3.7 5.2 1.6 1.6 3.9 2.3 5.2 1 1.3-1 1-3.3-.7-5.2-1.6-1.6-3.9-2.3-5.2-1m-10.8-8.1c-.7 1.3.3 2.9 2.3 3.9 1.6 1 3.6.7 4.3-.7.7-1.3-.3-2.9-2.3-3.9-2-.6-3.6-.3-4.3.7m32.4 35.6c-1.6 1.3-1 4.3 1.3 6.2 2.3 2.3 5.2 2.6 6.5 1 1.3-1.3.7-4.3-1.3-6.2-2.2-2.3-5.2-2.6-6.5-1m-11.4-14.7c-1.6 1-1.6 3.6 0 5.9s4.3 3.3 5.6 2.3c1.6-1.3 1.6-3.9 0-6.2-1.4-2.3-4-3.3-5.6-2"/></svg>
  </div>
  <div class="md-source__repository">
    OpenTenBase/docs
  </div>
</a>
    </div>
  
  <ul class="md-nav__list" data-md-scrollfix>
    
      
      
  
  
  
  
    <li class="md-nav__item">
      <a href="../../" class="md-nav__link">
        
  
  
  <span class="md-ellipsis">
    Home
    
  </span>
  

      </a>
    </li>
  

    
      
      
  
  
    
  
  
  
    
    
      
        
      
        
      
        
      
    
    
    
      
        
        
      
      
        
      
    
    
    <li class="md-nav__item md-nav__item--active md-nav__item--section md-nav__item--nested">
      
        
        
        <input class="md-nav__toggle md-toggle " type="checkbox" id="__nav_2" checked>
        
          
          <label class="md-nav__link" for="__nav_2" id="__nav_2_label" tabindex="">
            
  
  
  <span class="md-ellipsis">
    Guide
    
  </span>
  

            <span class="md-nav__icon md-icon"></span>
          </label>
        
        <nav class="md-nav" data-md-level="1" aria-labelledby="__nav_2_label" aria-expanded="true">
          <label class="md-nav__title" for="__nav_2">
            <span class="md-nav__icon md-icon"></span>
            Guide
          </label>
          <ul class="md-nav__list" data-md-scrollfix>
            
              
                
  
  
    
  
  
  
    
    
      
        
      
        
      
        
      
        
      
        
      
        
      
        
      
        
      
        
      
        
      
        
      
        
      
        
      
    
    
    
      
      
        
          
          
        
      
    
    
    <li class="md-nav__item md-nav__item--active md-nav__item--section md-nav__item--nested">
      
        
        
        <input class="md-nav__toggle md-toggle " type="checkbox" id="__nav_2_1" checked>
        
          
          <label class="md-nav__link" for="__nav_2_1" id="__nav_2_1_label" tabindex="">
            
  
  
  <span class="md-ellipsis">
    OpenTenBase
    
  </span>
  

            <span class="md-nav__icon md-icon"></span>
          </label>
        
        <nav class="md-nav" data-md-level="2" aria-labelledby="__nav_2_1_label" aria-expanded="true">
          <label class="md-nav__title" for="__nav_2_1">
            <span class="md-nav__icon md-icon"></span>
            OpenTenBase
          </label>
          <ul class="md-nav__list" data-md-scrollfix>
            
              
                
  
  
  
  
    <li class="md-nav__item">
      <a href="../01-quickstart/" class="md-nav__link">
        
  
  
  <span class="md-ellipsis">
    Quick Start
    
  </span>
  

      </a>
    </li>
  

              
            
              
                
  
  
  
  
    <li class="md-nav__item">
      <a href="../02-access/" class="md-nav__link">
        
  
  
  <span class="md-ellipsis">
    Application Access
    
  </span>
  

      </a>
    </li>
  

              
            
              
                
  
  
  
  
    <li class="md-nav__item">
      <a href="../03-basic-use/" class="md-nav__link">
        
  
  
  <span class="md-ellipsis">
    Basic Usage
    
  </span>
  

      </a>
    </li>
  

              
            
              
                
  
  
  
  
    <li class="md-nav__item">
      <a href="../04-advanced-use/" class="md-nav__link">
        
  
  
  <span class="md-ellipsis">
    Advanced Usage
    
  </span>
  

      </a>
    </li>
  

              
            
              
                
  
  
  
  
    <li class="md-nav__item">
      <a href="../05-component/" class="md-nav__link">
        
  
  
  <span class="md-ellipsis">
    Components
    
  </span>
  

      </a>
    </li>
  

              
            
              
                
  
  
  
  
    <li class="md-nav__item">
      <a href="../06-switching/" class="md-nav__link">
        
  
  
  <span class="md-ellipsis">
    Switching
    
  </span>
  

      </a>
    </li>
  

              
            
              
                
  
  
  
  
    <li class="md-nav__item">
      <a href="../07-user-rights/" class="md-nav__link">
        
  
  
  <span class="md-ellipsis">
    User Rights Management
    
  </span>
  

      </a>
    </li>
  

              
            
              
                
  
  
  
  
    <li class="md-nav__item">
      <a href="../08-data-dump-restore/" class="md-nav__link">
        
  
  
  <span class="md-ellipsis">
    Data Dump and Restore
    
  </span>
  

      </a>
    </li>
  

              
            
              
                
  
  
    
  
  
  
    <li class="md-nav__item md-nav__item--active">
      
      <input class="md-nav__toggle md-toggle" type="checkbox" id="__toc">
      
      
        
      
      
        <label class="md-nav__link md-nav__link--active" for="__toc">
          
  
  
  <span class="md-ellipsis">
    Problem tracking and Performance Optimization
    
  </span>
  

          <span class="md-nav__icon md-icon"></span>
        </label>
      
      <a href="./" class="md-nav__link md-nav__link--active">
        
  
  
  <span class="md-ellipsis">
    Problem tracking and Performance Optimization
    
  </span>
  

      </a>
      
        

<nav class="md-nav md-nav--secondary" aria-label="Table of contents">
  
  
  
    
  
  
    <label class="md-nav__title" for="__toc">
      <span class="md-nav__icon md-icon"></span>
      Table of contents
    </label>
    <ul class="md-nav__list" data-md-component="toc" data-md-scrollfix>
      
        <li class="md-nav__item">
  <a href="#_2" class="md-nav__link">
    <span class="md-ellipsis">
      日志管理
    </span>
  </a>
  
    <nav class="md-nav" aria-label="日志管理">
      <ul class="md-nav__list">
        
          <li class="md-nav__item">
  <a href="#opentenbase" class="md-nav__link">
    <span class="md-ellipsis">
      OpenTenBase 日志格式说明
    </span>
  </a>
  
</li>
        
          <li class="md-nav__item">
  <a href="#_3" class="md-nav__link">
    <span class="md-ellipsis">
      对日志进行分析
    </span>
  </a>
  
    <nav class="md-nav" aria-label="对日志进行分析">
      <ul class="md-nav__list">
        
          <li class="md-nav__item">
  <a href="#_4" class="md-nav__link">
    <span class="md-ellipsis">
      创建日志表
    </span>
  </a>
  
</li>
        
          <li class="md-nav__item">
  <a href="#_5" class="md-nav__link">
    <span class="md-ellipsis">
      导入日志数据
    </span>
  </a>
  
</li>
        
          <li class="md-nav__item">
  <a href="#_6" class="md-nav__link">
    <span class="md-ellipsis">
      统计日志数据
    </span>
  </a>
  
</li>
        
      </ul>
    </nav>
  
</li>
        
          <li class="md-nav__item">
  <a href="#sql" class="md-nav__link">
    <span class="md-ellipsis">
      配置只收集慢的sql语句
    </span>
  </a>
  
</li>
        
      </ul>
    </nav>
  
</li>
      
        <li class="md-nav__item">
  <a href="#_7" class="md-nav__link">
    <span class="md-ellipsis">
      如何查询数据是否倾斜
    </span>
  </a>
  
</li>
      
        <li class="md-nav__item">
  <a href="#sql_1" class="md-nav__link">
    <span class="md-ellipsis">
      如何优化有问题的Sql语句
    </span>
  </a>
  
    <nav class="md-nav" aria-label="如何优化有问题的Sql语句">
      <ul class="md-nav__list">
        
          <li class="md-nav__item">
  <a href="#_8" class="md-nav__link">
    <span class="md-ellipsis">
      查看是否为分布键查询
    </span>
  </a>
  
</li>
        
          <li class="md-nav__item">
  <a href="#_9" class="md-nav__link">
    <span class="md-ellipsis">
      查看是否使用上索引
    </span>
  </a>
  
</li>
        
          <li class="md-nav__item">
  <a href="#key-join" class="md-nav__link">
    <span class="md-ellipsis">
      查看是否为分布key join
    </span>
  </a>
  
</li>
        
          <li class="md-nav__item">
  <a href="#join" class="md-nav__link">
    <span class="md-ellipsis">
      查看join发生的节点
    </span>
  </a>
  
</li>
        
          <li class="md-nav__item">
  <a href="#worker" class="md-nav__link">
    <span class="md-ellipsis">
      查看并行的worker数
    </span>
  </a>
  
</li>
        
          <li class="md-nav__item">
  <a href="#_10" class="md-nav__link">
    <span class="md-ellipsis">
      检查各个节点的执行计划是否一致
    </span>
  </a>
  
</li>
        
      </ul>
    </nav>
  
</li>
      
        <li class="md-nav__item">
  <a href="#_11" class="md-nav__link">
    <span class="md-ellipsis">
      优化实例
    </span>
  </a>
  
    <nav class="md-nav" aria-label="优化实例">
      <ul class="md-nav__list">
        
          <li class="md-nav__item">
  <a href="#countdistinct-xx" class="md-nav__link">
    <span class="md-ellipsis">
      count(distinct xx)优化
    </span>
  </a>
  
</li>
        
          <li class="md-nav__item">
  <a href="#work_memio" class="md-nav__link">
    <span class="md-ellipsis">
      增大work_mem减少io访问
    </span>
  </a>
  
</li>
        
          <li class="md-nav__item">
  <a href="#not-inanti-join" class="md-nav__link">
    <span class="md-ellipsis">
      not in改写为anti join
    </span>
  </a>
  
</li>
        
          <li class="md-nav__item">
  <a href="#key-jonlimit" class="md-nav__link">
    <span class="md-ellipsis">
      分布key jon+limit优化
    </span>
  </a>
  
</li>
        
          <li class="md-nav__item">
  <a href="#key-joinhash-join" class="md-nav__link">
    <span class="md-ellipsis">
      非分布key join使用hash join性能一般最好
    </span>
  </a>
  
</li>
        
          <li class="md-nav__item">
  <a href="#exists" class="md-nav__link">
    <span class="md-ellipsis">
      exists的优化
    </span>
  </a>
  
</li>
        
      </ul>
    </nav>
  
</li>
      
    </ul>
  
</nav>
      
    </li>
  

              
            
              
                
  
  
  
  
    <li class="md-nav__item">
      <a href="../10-pg_clean/" class="md-nav__link">
        
  
  
  <span class="md-ellipsis">
    V2.3.0 Feature pg_clean
    
  </span>
  

      </a>
    </li>
  

              
            
              
                
  
  
  
  
    <li class="md-nav__item">
      <a href="../11-pg_unlock/" class="md-nav__link">
        
  
  
  <span class="md-ellipsis">
    V2.3.0 Feature pg_unlock
    
  </span>
  

      </a>
    </li>
  

              
            
              
                
  
  
  
  
    <li class="md-nav__item">
      <a href="../12-opentenbase_subscription/" class="md-nav__link">
        
  
  
  <span class="md-ellipsis">
    V2.3.0 Feature opentenbase_subscription
    
  </span>
  

      </a>
    </li>
  

              
            
              
                
  
  
  
  
    <li class="md-nav__item">
      <a href="../23-opentenbase_ai/" class="md-nav__link">
        
  
  
  <span class="md-ellipsis">
    V5.0 Feature opentenbase_ai
    
  </span>
  

      </a>
    </li>
  

              
            
          </ul>
        </nav>
      
    </li>
  

              
            
              
                
  
  
  
  
    
    
      
        
      
        
      
        
      
        
      
        
      
        
      
        
      
    
    
    
      
      
        
          
          
        
      
    
    
    <li class="md-nav__item md-nav__item--section md-nav__item--nested">
      
        
        
        <input class="md-nav__toggle md-toggle " type="checkbox" id="__nav_2_2" >
        
          
          <label class="md-nav__link" for="__nav_2_2" id="__nav_2_2_label" tabindex="">
            
  
  
  <span class="md-ellipsis">
    TXSQL
    
  </span>
  

            <span class="md-nav__icon md-icon"></span>
          </label>
        
        <nav class="md-nav" data-md-level="2" aria-labelledby="__nav_2_2_label" aria-expanded="false">
          <label class="md-nav__title" for="__nav_2_2">
            <span class="md-nav__icon md-icon"></span>
            TXSQL
          </label>
          <ul class="md-nav__list" data-md-scrollfix>
            
              
                
  
  
  
  
    <li class="md-nav__item">
      <a href="../16-txsql_quickstart/" class="md-nav__link">
        
  
  
  <span class="md-ellipsis">
    Overview
    
  </span>
  

      </a>
    </li>
  

              
            
              
                
  
  
  
  
    <li class="md-nav__item">
      <a href="../17-txsql_architecture/" class="md-nav__link">
        
  
  
  <span class="md-ellipsis">
    架构说明
    
  </span>
  

      </a>
    </li>
  

              
            
              
                
  
  
  
  
    <li class="md-nav__item">
      <a href="../18-txsql_deploy/" class="md-nav__link">
        
  
  
  <span class="md-ellipsis">
    Deploy
    
  </span>
  

      </a>
    </li>
  

              
            
              
                
  
  
  
  
    <li class="md-nav__item">
      <a href="../19-txsql_access/" class="md-nav__link">
        
  
  
  <span class="md-ellipsis">
    Application Access
    
  </span>
  

      </a>
    </li>
  

              
            
              
                
  
  
  
  
    <li class="md-nav__item">
      <a href="../20-txsql_basic/" class="md-nav__link">
        
  
  
  <span class="md-ellipsis">
    基础使用
    
  </span>
  

      </a>
    </li>
  

              
            
              
                
  
  
  
  
    <li class="md-nav__item">
      <a href="../21-txsql_advanced/" class="md-nav__link">
        
  
  
  <span class="md-ellipsis">
    Advanced Usage
    
  </span>
  

      </a>
    </li>
  

              
            
              
                
  
  
  
  
    <li class="md-nav__item">
      <a href="../22-txsql_faq/" class="md-nav__link">
        
  
  
  <span class="md-ellipsis">
    FAQ
    
  </span>
  

      </a>
    </li>
  

              
            
          </ul>
        </nav>
      
    </li>
  

              
            
              
                
  
  
  
  
    
    
      
        
      
        
      
        
      
    
    
    
      
      
        
          
          
        
      
    
    
    <li class="md-nav__item md-nav__item--section md-nav__item--nested">
      
        
        
        <input class="md-nav__toggle md-toggle " type="checkbox" id="__nav_2_3" >
        
          
          <label class="md-nav__link" for="__nav_2_3" id="__nav_2_3_label" tabindex="">
            
  
  
  <span class="md-ellipsis">
    Peripheral ecosystem
    
  </span>
  

            <span class="md-nav__icon md-icon"></span>
          </label>
        
        <nav class="md-nav" data-md-level="2" aria-labelledby="__nav_2_3_label" aria-expanded="false">
          <label class="md-nav__title" for="__nav_2_3">
            <span class="md-nav__icon md-icon"></span>
            Peripheral ecosystem
          </label>
          <ul class="md-nav__list" data-md-scrollfix>
            
              
                
  
  
  
  
    <li class="md-nav__item">
      <a href="../13-opentenbase_monitoring/" class="md-nav__link">
        
  
  
  <span class="md-ellipsis">
    Monitoring visualization with Prometheus/Grafana
    
  </span>
  

      </a>
    </li>
  

              
            
              
                
  
  
  
  
    <li class="md-nav__item">
      <a href="../14-kubeblocks-support/" class="md-nav__link">
        
  
  
  <span class="md-ellipsis">
    Run opentenbase on kubernetes
    
  </span>
  

      </a>
    </li>
  

              
            
              
                
  
  
  
  
    <li class="md-nav__item">
      <a href="../15-docker-deploy/" class="md-nav__link">
        
  
  
  <span class="md-ellipsis">
    Building simple cluster with docker
    
  </span>
  

      </a>
    </li>
  

              
            
          </ul>
        </nav>
      
    </li>
  

              
            
          </ul>
        </nav>
      
    </li>
  

    
      
      
  
  
  
  
    
    
      
        
      
    
    
    
      
      
        
      
    
    
    <li class="md-nav__item md-nav__item--nested">
      
        
        
        <input class="md-nav__toggle md-toggle " type="checkbox" id="__nav_3" >
        
          
          <label class="md-nav__link" for="__nav_3" id="__nav_3_label" tabindex="0">
            
  
  
  <span class="md-ellipsis">
    Releases
    
  </span>
  

            <span class="md-nav__icon md-icon"></span>
          </label>
        
        <nav class="md-nav" data-md-level="1" aria-labelledby="__nav_3_label" aria-expanded="false">
          <label class="md-nav__title" for="__nav_3">
            <span class="md-nav__icon md-icon"></span>
            Releases
          </label>
          <ul class="md-nav__list" data-md-scrollfix>
            
              
                
  
  
  
  
    
    
      
        
      
        
      
        
      
        
      
        
      
    
    
    
      
      
        
      
    
    
    <li class="md-nav__item md-nav__item--nested">
      
        
        
        <input class="md-nav__toggle md-toggle " type="checkbox" id="__nav_3_1" >
        
          
          <label class="md-nav__link" for="__nav_3_1" id="__nav_3_1_label" tabindex="0">
            
  
  
  <span class="md-ellipsis">
    OpenTenBase
    
  </span>
  

            <span class="md-nav__icon md-icon"></span>
          </label>
        
        <nav class="md-nav" data-md-level="2" aria-labelledby="__nav_3_1_label" aria-expanded="false">
          <label class="md-nav__title" for="__nav_3_1">
            <span class="md-nav__icon md-icon"></span>
            OpenTenBase
          </label>
          <ul class="md-nav__list" data-md-scrollfix>
            
              
                
  
  
  
  
    <li class="md-nav__item">
      <a href="../../release/v2-6-0/" class="md-nav__link">
        
  
  
  <span class="md-ellipsis">
    v2.6.0
    
  </span>
  

      </a>
    </li>
  

              
            
              
                
  
  
  
  
    <li class="md-nav__item">
      <a href="../../release/v2-5-0/" class="md-nav__link">
        
  
  
  <span class="md-ellipsis">
    v2.5.0
    
  </span>
  

      </a>
    </li>
  

              
            
              
                
  
  
  
  
    <li class="md-nav__item">
      <a href="../../release/v2-4-0/" class="md-nav__link">
        
  
  
  <span class="md-ellipsis">
    v2.4.0
    
  </span>
  

      </a>
    </li>
  

              
            
              
                
  
  
  
  
    <li class="md-nav__item">
      <a href="../../release/v2-3-0/" class="md-nav__link">
        
  
  
  <span class="md-ellipsis">
    v2.3.0
    
  </span>
  

      </a>
    </li>
  

              
            
              
                
  
  
  
  
    <li class="md-nav__item">
      <a href="../../release/v2-2-0/" class="md-nav__link">
        
  
  
  <span class="md-ellipsis">
    v2.2.0
    
  </span>
  

      </a>
    </li>
  

              
            
          </ul>
        </nav>
      
    </li>
  

              
            
          </ul>
        </nav>
      
    </li>
  

    
      
      
  
  
  
  
    
    
      
        
      
    
    
    
      
      
        
      
    
    
    <li class="md-nav__item md-nav__item--nested">
      
        
        
        <input class="md-nav__toggle md-toggle " type="checkbox" id="__nav_4" >
        
          
          <label class="md-nav__link" for="__nav_4" id="__nav_4_label" tabindex="0">
            
  
  
  <span class="md-ellipsis">
    FAQ
    
  </span>
  

            <span class="md-nav__icon md-icon"></span>
          </label>
        
        <nav class="md-nav" data-md-level="1" aria-labelledby="__nav_4_label" aria-expanded="false">
          <label class="md-nav__title" for="__nav_4">
            <span class="md-nav__icon md-icon"></span>
            FAQ
          </label>
          <ul class="md-nav__list" data-md-scrollfix>
            
              
                
  
  
  
  
    <li class="md-nav__item">
      <a href="../../faq/" class="md-nav__link">
        
  
  
  <span class="md-ellipsis">
    TXSQL FAQ
    
  </span>
  

      </a>
    </li>
  

              
            
          </ul>
        </nav>
      
    </li>
  

    
      
      
  
  
  
  
    
    
      
        
      
        
      
    
    
    
      
      
        
      
    
    
    <li class="md-nav__item md-nav__item--nested">
      
        
        
        <input class="md-nav__toggle md-toggle " type="checkbox" id="__nav_5" >
        
          
          <label class="md-nav__link" for="__nav_5" id="__nav_5_label" tabindex="0">
            
  
  
  <span class="md-ellipsis">
    Contributing
    
  </span>
  

            <span class="md-nav__icon md-icon"></span>
          </label>
        
        <nav class="md-nav" data-md-level="1" aria-labelledby="__nav_5_label" aria-expanded="false">
          <label class="md-nav__title" for="__nav_5">
            <span class="md-nav__icon md-icon"></span>
            Contributing
          </label>
          <ul class="md-nav__list" data-md-scrollfix>
            
              
                
  
  
  
  
    <li class="md-nav__item">
      <a href="../../contribution/how-to/" class="md-nav__link">
        
  
  
  <span class="md-ellipsis">
    How to contribute
    
  </span>
  

      </a>
    </li>
  

              
            
              
                
  
  
  
  
    <li class="md-nav__item">
      <a href="../../contribution/docs-format-guide/" class="md-nav__link">
        
  
  
  <span class="md-ellipsis">
    Documentation format guide
    
  </span>
  

      </a>
    </li>
  

              
            
          </ul>
        </nav>
      
    </li>
  

    
      
      
  
  
  
  
    <li class="md-nav__item">
      <a href="../../download/" class="md-nav__link">
        
  
  
  <span class="md-ellipsis">
    Download
    
  </span>
  

      </a>
    </li>
  

    
  </ul>
</nav>
                  </div>
                </div>
              </div>
            
            
              
              <div class="md-sidebar md-sidebar--secondary" data-md-component="sidebar" data-md-type="toc" >
                <div class="md-sidebar__scrollwrap">
                  <div class="md-sidebar__inner">
                    

<nav class="md-nav md-nav--secondary" aria-label="Table of contents">
  
  
  
    
  
  
    <label class="md-nav__title" for="__toc">
      <span class="md-nav__icon md-icon"></span>
      Table of contents
    </label>
    <ul class="md-nav__list" data-md-component="toc" data-md-scrollfix>
      
        <li class="md-nav__item">
  <a href="#_2" class="md-nav__link">
    <span class="md-ellipsis">
      日志管理
    </span>
  </a>
  
    <nav class="md-nav" aria-label="日志管理">
      <ul class="md-nav__list">
        
          <li class="md-nav__item">
  <a href="#opentenbase" class="md-nav__link">
    <span class="md-ellipsis">
      OpenTenBase 日志格式说明
    </span>
  </a>
  
</li>
        
          <li class="md-nav__item">
  <a href="#_3" class="md-nav__link">
    <span class="md-ellipsis">
      对日志进行分析
    </span>
  </a>
  
    <nav class="md-nav" aria-label="对日志进行分析">
      <ul class="md-nav__list">
        
          <li class="md-nav__item">
  <a href="#_4" class="md-nav__link">
    <span class="md-ellipsis">
      创建日志表
    </span>
  </a>
  
</li>
        
          <li class="md-nav__item">
  <a href="#_5" class="md-nav__link">
    <span class="md-ellipsis">
      导入日志数据
    </span>
  </a>
  
</li>
        
          <li class="md-nav__item">
  <a href="#_6" class="md-nav__link">
    <span class="md-ellipsis">
      统计日志数据
    </span>
  </a>
  
</li>
        
      </ul>
    </nav>
  
</li>
        
          <li class="md-nav__item">
  <a href="#sql" class="md-nav__link">
    <span class="md-ellipsis">
      配置只收集慢的sql语句
    </span>
  </a>
  
</li>
        
      </ul>
    </nav>
  
</li>
      
        <li class="md-nav__item">
  <a href="#_7" class="md-nav__link">
    <span class="md-ellipsis">
      如何查询数据是否倾斜
    </span>
  </a>
  
</li>
      
        <li class="md-nav__item">
  <a href="#sql_1" class="md-nav__link">
    <span class="md-ellipsis">
      如何优化有问题的Sql语句
    </span>
  </a>
  
    <nav class="md-nav" aria-label="如何优化有问题的Sql语句">
      <ul class="md-nav__list">
        
          <li class="md-nav__item">
  <a href="#_8" class="md-nav__link">
    <span class="md-ellipsis">
      查看是否为分布键查询
    </span>
  </a>
  
</li>
        
          <li class="md-nav__item">
  <a href="#_9" class="md-nav__link">
    <span class="md-ellipsis">
      查看是否使用上索引
    </span>
  </a>
  
</li>
        
          <li class="md-nav__item">
  <a href="#key-join" class="md-nav__link">
    <span class="md-ellipsis">
      查看是否为分布key join
    </span>
  </a>
  
</li>
        
          <li class="md-nav__item">
  <a href="#join" class="md-nav__link">
    <span class="md-ellipsis">
      查看join发生的节点
    </span>
  </a>
  
</li>
        
          <li class="md-nav__item">
  <a href="#worker" class="md-nav__link">
    <span class="md-ellipsis">
      查看并行的worker数
    </span>
  </a>
  
</li>
        
          <li class="md-nav__item">
  <a href="#_10" class="md-nav__link">
    <span class="md-ellipsis">
      检查各个节点的执行计划是否一致
    </span>
  </a>
  
</li>
        
      </ul>
    </nav>
  
</li>
      
        <li class="md-nav__item">
  <a href="#_11" class="md-nav__link">
    <span class="md-ellipsis">
      优化实例
    </span>
  </a>
  
    <nav class="md-nav" aria-label="优化实例">
      <ul class="md-nav__list">
        
          <li class="md-nav__item">
  <a href="#countdistinct-xx" class="md-nav__link">
    <span class="md-ellipsis">
      count(distinct xx)优化
    </span>
  </a>
  
</li>
        
          <li class="md-nav__item">
  <a href="#work_memio" class="md-nav__link">
    <span class="md-ellipsis">
      增大work_mem减少io访问
    </span>
  </a>
  
</li>
        
          <li class="md-nav__item">
  <a href="#not-inanti-join" class="md-nav__link">
    <span class="md-ellipsis">
      not in改写为anti join
    </span>
  </a>
  
</li>
        
          <li class="md-nav__item">
  <a href="#key-jonlimit" class="md-nav__link">
    <span class="md-ellipsis">
      分布key jon+limit优化
    </span>
  </a>
  
</li>
        
          <li class="md-nav__item">
  <a href="#key-joinhash-join" class="md-nav__link">
    <span class="md-ellipsis">
      非分布key join使用hash join性能一般最好
    </span>
  </a>
  
</li>
        
          <li class="md-nav__item">
  <a href="#exists" class="md-nav__link">
    <span class="md-ellipsis">
      exists的优化
    </span>
  </a>
  
</li>
        
      </ul>
    </nav>
  
</li>
      
    </ul>
  
</nav>
                  </div>
                </div>
              </div>
            
          
          
            <div class="md-content" data-md-component="content">
              <article class="md-content__inner md-typeset">
                
                  


  
    <a href="https://github.com/OpenTenBase/docs/edit/main/docs/guide/09-problem-performance.md" title="Edit this page" class="md-content__button md-icon" rel="edit">
      
      <svg xmlns="http://www.w3.org/2000/svg" viewBox="0 0 24 24"><path d="M10 20H6V4h7v5h5v3.1l2-2V8l-6-6H6c-1.1 0-2 .9-2 2v16c0 1.1.9 2 2 2h4zm10.2-7c.1 0 .3.1.4.2l1.3 1.3c.2.2.2.6 0 .8l-1 1-2.1-2.1 1-1c.1-.1.2-.2.4-.2m0 3.9L14.1 23H12v-2.1l6.1-6.1z"/></svg>
    </a>
  
  
    
      
    
    <a href="https://github.com/OpenTenBase/docs/raw/main/docs/guide/09-problem-performance.md" title="View source of this page" class="md-content__button md-icon">
      
      <svg xmlns="http://www.w3.org/2000/svg" viewBox="0 0 24 24"><path d="M17 18c.56 0 1 .44 1 1s-.44 1-1 1-1-.44-1-1 .44-1 1-1m0-3c-2.73 0-5.06 1.66-6 4 .94 2.34 3.27 4 6 4s5.06-1.66 6-4c-.94-2.34-3.27-4-6-4m0 6.5a2.5 2.5 0 0 1-2.5-2.5 2.5 2.5 0 0 1 2.5-2.5 2.5 2.5 0 0 1 2.5 2.5 2.5 2.5 0 0 1-2.5 2.5M9.27 20H6V4h7v5h5v4.07c.7.08 1.36.25 2 .49V8l-6-6H6a2 2 0 0 0-2 2v16a2 2 0 0 0 2 2h4.5a8.2 8.2 0 0 1-1.23-2"/></svg>
    </a>
  


<h1 id="_1">问题定位及性能优化</h1>
<h2 id="_2">日志管理</h2>
<h3 id="opentenbase">OpenTenBase 日志格式说明</h3>
<p>执行正确的语句产生的日志  </p>
<pre><code>2017-10-11 16:23:55.178 CST,&quot;pgxz&quot;,&quot;postgres&quot;,11499,&quot;127.0.0.1:2329&quot;,59ddd50c.2ceb,1,&quot;idle&quot;,2017-10-11 16:23:40 CST,3/26053,0,LOG,00000,&quot;statement: select * from pg_class limit 1;&quot;,,,,,,,,,&quot;psql&quot;
</code></pre>
<pre><code>执行时间                                                            | 2017-10-11 16:23:55.178
用户名                                                              | pgxz
数据库                                                              | postgres
进程id                                                              | 11499
客户端id                                                            | 127.0.0.1:2329
会话 ID                                                             | 59ddd50c.2ceb
每个会话的行号                                                        | 1
命令标签                                                             | idle
登录时间                                                             | 2017-10-11 16:23:40
虚拟事务 ID                                                          | 3/26053
普通事务 ID                                                          | 0
级别                                                                | LOG
SQLSTATE 代码                                                       | 00000
执行信息                                                             | statement: select * from pg_class limit 1;
详情                                                                | 
提示                                                                | 
导致错误的内部查询                                                    | 
错误位置所在的字符计数                                                 | 
错误上下文                                                           | 
导致错误的用户查询（如果有且被log_min_error_statement启用）              | 
错误位置所在的字符计数                                                 | 
在 PostgreSQL 源代码中错误的位置(如果log_error_verbosity被设置为verbose) | 
应用名                                                               | psql
</code></pre>
<p>错误日志解释  </p>
<pre><code>2017-10-11 16:24:10.233 CST,&quot;pgxz&quot;,&quot;postgres&quot;,11499,&quot;127.0.0.1:2329&quot;,59ddd50c.2ceb,2,&quot;idle&quot;,2017-10-11 16:23:40 CST,3/26054,0,LOG,00000,&quot;statement: select * from pgxc_nodes limit 1;&quot;,,,,,,,,,&quot;psql&quot;
2017-10-11 16:24:10.233 CST,&quot;pgxz&quot;,&quot;postgres&quot;,11499,&quot;127.0.0.1:2329&quot;,59ddd50c.2ceb,3,&quot;SELECT&quot;,2017-10-11 16:23:40 CST,3/26054,0,ERROR,42P01,&quot;relation &quot;&quot;pgxc_nodes&quot;&quot; does not exist&quot;,,,,,,,,,&quot;psql&quot;

</code></pre>
<p>向 OpenTenBase 执行错误的语句会产生两条日志，一条是执行语句，一条提示出错的原因  </p>
<h3 id="_3">对日志进行分析</h3>
<h4 id="_4">创建日志表</h4>
<pre><code>CREATE table opentenbase_log
(
  log_time timestamp without time zone,
  user_name text,
  database_name text,
  process_id integer,
  connection_from text,
  session_id text,
  session_line_num bigint,
  command_tag text,
  session_start_time timestamp without time zone,
  virtual_transaction_id text,
  transaction_id bigint,
  error_severity text,
  sql_state_code text,
  message text,
  detail text,
  hint text,
  internal_query text,
  internal_query_pos integer,
  context text,
  query text,
  query_pos integer,
  location text,
  application_name text
);
</code></pre>
<h4 id="_5">导入日志数据</h4>
<p>OpenTenBase 日志文件默认存储在“数据目录/pg_log”目录下面</p>
<pre><code>postgres=# COPY opentenbase_log FROM '/data/pgxz/data/pgxz/dn001/pg_log/postgresql-Tuesday-16.csv' WITH csv; 
COPY 10790
</code></pre>
<h4 id="_6">统计日志数据</h4>
<p>--按照session连接及操作时间排序</p>
<pre><code>postgres=# select * from opentenbase_log order by process_id,log_time;
</code></pre>
<p>--查询错误日志</p>
<pre><code>SELECT * FROM  opentenbase_log WHERE error_severity='ERROR' limit 1;  
</code></pre>
<p>--统计session操作数统计</p>
<pre><code>postgres=#  select count(1),process_id,user_name,database_name from opentenbase_log group by process_id,user_name,database_name order by count(1) desc limit 10;
 count | process_id | user_name | database_name 
-------+------------+-----------+---------------
  2770 |      48067 | pgxz      | postgres
    10 |      22143 | pgxz      | postgres
    10 |      28778 | pgxz      | postgres
     9 |      28367 | pgxz      | postgres
     9 |      44280 | pgxz      | postgres
     8 |      32442 | pgxz      | postgres
     7 |      17911 | pgxz      | postgres
     7 |      21865 | pgxz      | postgres
     7 |      26159 | pgxz      | postgres
     7 |      45471 | pgxz      | postgres
(10 rows)
</code></pre>
<p>--用户操作统计</p>
<pre><code>postgres=#  select count(1),user_name from opentenbase_log group by user_name order by count(1) desc limit 10;                                                           
 count | user_name 
-------+-----------
 10790 | pgxz
</code></pre>
<p>--数据库访问次数统计</p>
<pre><code>postgres=#  select count(1),database_name from opentenbase_log group by database_name order by count(1) desc limit 10;             
 count | database_name 
-------+---------------
 10790 | postgres
(1 row)
</code></pre>
<p>--错误信息统计</p>
<pre><code>postgres=# select count(1),user_name,database_name from opentenbase_log where error_severity='ERROR' group by user_name,database_name order by count(1) desc limit 10;           
 count | user_name | database_name 
-------+-----------+---------------
  1390 | pgxz      | postgres
(1 row)
</code></pre>
<h3 id="sql">配置只收集慢的sql语句</h3>
<p>#用户访问日志格式<br />
log_destination = 'csvlog'  </p>
<p>#启用用户访问日志收集器<br />
logging_collector = on  </p>
<p>#配置sql语句执行超过多少毫秒数时，语句将被记录,值为-1时禁用，0时记录所有语句<br />
#下面配置只收集运行超过1秒的语句<br />
log_min_duration_statement = 1000  </p>
<p>#默认不记录任何日志<br />
log_statement = 'none'  </p>
<p>收集到的日志文件内容如下所示</p>
<pre><code>2017-10-15 10:25:54.106 CST,&quot;postgres&quot;,&quot;postgres&quot;,43799,&quot;127.0.0.1:17899&quot;,59e2c65b.ab17,4,&quot;SELECT&quot;,2017-10-15 10:22:19 CST,2/0,0,LOG,00000,&quot;duration: 1338.366 ms  statement: select * from t where id=20000 or id=2000000;&quot;,,,,,,,,,&quot;psql&quot;
</code></pre>
<p>系统记录运行的语句及运行时间</p>
<h2 id="_7">如何查询数据是否倾斜</h2>
<p>连接上不同的dn节点，查询表的容量大小，如果大小偏差较大就可以判断存在数据倾斜<br />
连接dn001:</p>
<pre><code>[pgxz@VM_0_29_centos pgxz]$ psql -p 15432 -h 172.16.0.47
psql (PostgreSQL 10 (opentenbase 2.01))
Type &quot;help&quot; for help.

postgres=# select pg_size_pretty(pg_table_size('opentenbase_1'));
 pg_size_pretty 
----------------
 2408 kB
(1 row)

postgres=# select pg_size_pretty(pg_table_size('opentenbase_2'));
 pg_size_pretty 
----------------
 896 kB
(1 row)

postgres=# \q
</code></pre>
<p>连接dn002:</p>
<pre><code>[pgxz@VM_0_29_centos pgxz]$ psql -p 15431 -h 172.16.0.47 
psql (PostgreSQL 10 (opentenbase 2.01))
Type &quot;help&quot; for help.

postgres=# select pg_size_pretty(pg_table_size('opentenbase_1'));
 pg_size_pretty 
----------------
 2408 kB
(1 row)

postgres=#  select pg_size_pretty(pg_table_size('opentenbase_2'));
 pg_size_pretty 
----------------
 464 kB
(1 row)
</code></pre>
<p>上面数据表“opentenbase_2”容量相差为一半，基本可以判定存在数据倾斜。</p>
<h2 id="sql_1">如何优化有问题的Sql语句</h2>
<h3 id="_8">查看是否为分布键查询</h3>
<pre><code>postgres=# explain select * from opentenbase_1 where f1=1;        
                                   QUERY PLAN                                   
--------------------------------------------------------------------------------
 Remote Fast Query Execution  (cost=0.00..0.00 rows=0 width=0)
   Node/s: dn001, dn002
   -&gt;  Gather  (cost=1000.00..7827.20 rows=1 width=14)
         Workers Planned: 2
         -&gt;  Parallel Seq Scan on opentenbase_1  (cost=0.00..6827.10 rows=1 width=14)
               Filter: (f1 = 1)
(6 rows)
</code></pre>
<pre><code>postgres=# explain select * from opentenbase_1 where f2=1;
                                   QUERY PLAN                                   
--------------------------------------------------------------------------------
 Remote Fast Query Execution  (cost=0.00..0.00 rows=0 width=0)
   Node/s: dn001
   -&gt;  Gather  (cost=1000.00..7827.20 rows=1 width=14)
         Workers Planned: 2
         -&gt;  Parallel Seq Scan on opentenbase_1  (cost=0.00..6827.10 rows=1 width=14)
               Filter: (f2 = 1)
(6 rows)
</code></pre>
<p>上面第一个查询为非分布键查询，需要发往所有节点，这样最慢的节点决定了整个业务的速度，需要保持所有节点的响应性能一致，业务设计查询时尽可能带上分布键</p>
<h3 id="_9">查看是否使用上索引</h3>
<pre><code>postgres=# create index opentenbase_2_f2_idx on opentenbase_2(f2); 
CREATE INDEX
postgres=# explain select * from opentenbase_2 where f2=1;
                                     QUERY PLAN                                      
-------------------------------------------------------------------------------------
 Remote Fast Query Execution  (cost=0.00..0.00 rows=0 width=0)
   Node/s: dn001, dn002
   -&gt;  Index Scan using opentenbase_2_f2_idx on opentenbase_2  (cost=0.42..4.44 rows=1 width=14)
         Index Cond: (f2 = 1)
(4 rows)
</code></pre>
<pre><code>postgres=# explain select * from opentenbase_2 where f3='1';
                                   QUERY PLAN                                   
--------------------------------------------------------------------------------
 Remote Fast Query Execution  (cost=0.00..0.00 rows=0 width=0)
   Node/s: dn001, dn002
   -&gt;  Gather  (cost=1000.00..7827.20 rows=1 width=14)
         Workers Planned: 2
         -&gt;  Parallel Seq Scan on opentenbase_2  (cost=0.00..6827.10 rows=1 width=14)
               Filter: (f3 = '1'::text)
(6 rows)

</code></pre>
<p>第一个查询使用了索引，第二个没有使用索引，通常情况下，使用索引可以加速查询速度，但要记住索引也会增加更新的开销</p>
<h3 id="key-join">查看是否为分布key join</h3>
<pre><code>postgres=# explain  select opentenbase_1.* from opentenbase_1,opentenbase_2 where opentenbase_1.f1=opentenbase_2.f1 ;           
                                           QUERY PLAN                                           
------------------------------------------------------------------------------------------------
 Remote Subquery Scan on all (dn001,dn002)  (cost=29.80..186.32 rows=3872 width=40)
   -&gt;  Hash Join  (cost=29.80..186.32 rows=3872 width=40)
         Hash Cond: (opentenbase_1.f1 = opentenbase_2.f1)
         -&gt;  Remote Subquery Scan on all (dn001,dn002)  (cost=100.00..158.40 rows=880 width=40)
               Distribute results by S: f1
               -&gt;  Seq Scan on opentenbase_1  (cost=0.00..18.80 rows=880 width=40)
         -&gt;  Hash  (cost=18.80..18.80 rows=880 width=4)
               -&gt;  Seq Scan on opentenbase_2  (cost=0.00..18.80 rows=880 width=4)
(8 rows)
</code></pre>
<pre><code>postgres=# explain  select opentenbase_1.* from opentenbase_1,opentenbase_2 where opentenbase_1.f2=opentenbase_2.f1 ;   
                                   QUERY PLAN                                    
---------------------------------------------------------------------------------
 Remote Fast Query Execution  (cost=0.00..0.00 rows=0 width=0)
   Node/s: dn001, dn002
   -&gt;  Hash Join  (cost=18904.69..46257.08 rows=500564 width=14)
         Hash Cond: (opentenbase_1.f2 = opentenbase_2.f1)
         -&gt;  Seq Scan on opentenbase_1  (cost=0.00..9225.64 rows=500564 width=14)
         -&gt;  Hash  (cost=9225.64..9225.64 rows=500564 width=4)
               -&gt;  Seq Scan on opentenbase_2  (cost=0.00..9225.64 rows=500564 width=4)
(7 rows)
</code></pre>
<p>第一查询需要数据重分布，而第二个是不需要，分布键join查询性能会更高。</p>
<h3 id="join">查看join发生的节点</h3>
<pre><code>postgres=#  explain  select opentenbase_1.* from opentenbase_1,opentenbase_2 where opentenbase_1.f1=opentenbase_2.f1 ;    
                                          QUERY PLAN                                           
-----------------------------------------------------------------------------------------------
 Hash Join  (cost=29.80..186.32 rows=3872 width=40)
   Hash Cond: (opentenbase_1.f1 = opentenbase_2.f1)
   -&gt;  Remote Subquery Scan on all (dn001,dn002)  (cost=100.00..158.40 rows=880 width=40)
         -&gt;  Seq Scan on opentenbase_1  (cost=0.00..18.80 rows=880 width=40)
   -&gt;  Hash  (cost=126.72..126.72 rows=880 width=4)
         -&gt;  Remote Subquery Scan on all (dn001,dn002)  (cost=100.00..126.72 rows=880 width=4)
               -&gt;  Seq Scan on opentenbase_2  (cost=0.00..18.80 rows=880 width=4)
(7 rows)
</code></pre>
<pre><code>postgres=# set prefer_olap to on;
SET
postgres=# explain  select opentenbase_1.* from opentenbase_1,opentenbase_2 where opentenbase_1.f1=opentenbase_2.f1 ;  
                                           QUERY PLAN                                           
------------------------------------------------------------------------------------------------
 Remote Subquery Scan on all (dn001,dn002)  (cost=29.80..186.32 rows=3872 width=40)
   -&gt;  Hash Join  (cost=29.80..186.32 rows=3872 width=40)
         Hash Cond: (opentenbase_1.f1 = opentenbase_2.f1)
         -&gt;  Remote Subquery Scan on all (dn001,dn002)  (cost=100.00..158.40 rows=880 width=40)
               Distribute results by S: f1
               -&gt;  Seq Scan on opentenbase_1  (cost=0.00..18.80 rows=880 width=40)
         -&gt;  Hash  (cost=18.80..18.80 rows=880 width=4)
               -&gt;  Seq Scan on opentenbase_2  (cost=0.00..18.80 rows=880 width=4)
(8 rows)
</code></pre>
<p>上面join在cn节点执行，下面的在dn上重分布后再join，业务上设计一般oltp类业务在cn上进行少数据量join性能会更好</p>
<h3 id="worker">查看并行的worker数</h3>
<pre><code>postgres=# explain select count(1) from opentenbase_1;
                                      QUERY PLAN                                       
---------------------------------------------------------------------------------------
 Finalize Aggregate  (cost=118.81..118.83 rows=1 width=8)
   -&gt;  Remote Subquery Scan on all (dn001,dn002)  (cost=118.80..118.81 rows=1 width=0)
         -&gt;  Partial Aggregate  (cost=18.80..18.81 rows=1 width=8)
               -&gt;  Seq Scan on opentenbase_1  (cost=0.00..18.80 rows=880 width=0)
(4 rows)
</code></pre>
<pre><code>postgres=# analyze opentenbase_1;
ANALYZE
postgres=# explain select count(1) from opentenbase_1;
                                             QUERY PLAN                                             
----------------------------------------------------------------------------------------------------
 Parallel Finalize Aggregate  (cost=14728.45..14728.46 rows=1 width=8)
   -&gt;  Parallel Remote Subquery Scan on all (dn001,dn002)  (cost=14728.33..14728.45 rows=1 width=0)
         -&gt;  Gather  (cost=14628.33..14628.44 rows=1 width=8)
               Workers Planned: 2
               -&gt;  Partial Aggregate  (cost=13628.33..13628.34 rows=1 width=8)
                     -&gt;  Parallel Seq Scan on opentenbase_1  (cost=0.00..12586.67 rows=416667 width=0)
(6 rows)
</code></pre>
<p>上面第一个查询没走并行，analyze后走并行才是正确的，建议大数据量更新再执行analyze。</p>
<h3 id="_10">检查各个节点的执行计划是否一致</h3>
<pre><code>./opentenbase_run_sql_dn_master.sh &quot;explain select * from opentenbase_2 where f2=1&quot;  
dn006 --- psql -h 172.16.0.13 -p 11227 -d postgres -U opentenbase -c &quot;explain select * from opentenbase_2 where f2=1&quot;
                                 QUERY PLAN                                  
-----------------------------------------------------------------------------
 Bitmap Heap Scan on opentenbase_2  (cost=2.18..7.70 rows=4 width=40)
   Recheck Cond: (f2 = 1)
   -&gt;  Bitmap Index Scan on opentenbase_2_f2_idx  (cost=0.00..2.18 rows=4 width=0)
         Index Cond: (f2 = 1)
(4 rows)

dn002 --- psql -h 172.16.0.42 -p 11012 -d postgres -U opentenbase -c &quot;explain select * from opentenbase_2 where f2=1&quot;
                                  QUERY PLAN                                   
-------------------------------------------------------------------------------
 Index Scan using opentenbase_2_f2_idx on opentenbase_2  (cost=0.42..4.44 rows=1 width=14)
   Index Cond: (f2 = 1)
(2 rows)
</code></pre>
<p>这两个dn的执行计划不一致，最大可能可以是数据倾斜或者是执行计划给禁用导致的。</p>
<p>如果有可能的话，DBA可以配置在系统空闲时执行全库analyze和vacuum。  </p>
<h2 id="_11">优化实例</h2>
<h3 id="countdistinct-xx">count(distinct xx)优化</h3>
<pre><code>postgres=# CREATE TABLE t1(f1 serial not null unique,f2 text,f3 text,f4 text,f5 text,f6 text,f7 text,f8 text,f9 text,f10 text,f11 text,f12 text) distribute by shard(f1);
NOTICE:  Replica identity is needed for shard table, please add to this table through &quot;alter table&quot; command.
CREATE TABLE
Time: 89.938 ms

postgres=# insert into t1 select t,md5(t::text),md5(t::text),md5(t::text),md5(t::text),md5(t::text),md5(t::text),md5(t::text),md5(t::text),md5(t::text),md5(t::text),md5(t::text) from generate_series(1,1000000) as t;
INSERT 0 1000000
Time: 14849.045 ms (00:14.849)

postgres=# analyze t1;
ANALYZE
Time: 1340.387 ms (00:01.340)

postgres=# explain (verbose)  select count(distinct f2) from t1;  
                                                              QUERY PLAN                                                               
---------------------------------------------------------------------------------------------------------------------------------------
 Aggregate  (cost=103320.00..103320.01 rows=1 width=8)
   Output: count(DISTINCT f2)
   -&gt;  Remote Subquery Scan on all (dn01,dn02,dn03,dn04,dn05,dn06,dn07,dn08,dn09,dn10)  (cost=100.00..100820.00 rows=1000000 width=33)
         Output: f2
         -&gt;  Seq Scan on public.t1  (cost=0.00..62720.00 rows=1000000 width=33)
               Output: f2
(6 rows)

Time: 0.748 ms
postgres=# select count(distinct f2) from t1;  
  count  
---------
 1000000
(1 row)

Time: 6274.684 ms (00:06.275)

postgres=# select count(distinct f2) from t1 where f1 &lt;10;       
 count 
-------
     9
(1 row)

Time: 19.261 ms
</code></pre>
<p>上面发现count(distinct f2)是发生在cn节点，对于TP类业务，需要操作的数据量少的情况下，性能开销是没有问题的，而且往往比下推执行的性能开销还要小。但如果一次要操作的数据量比较大的ap类业务，则网络传输就会成功瓶颈，下面看看改写后的执行计划  </p>
<pre><code>postgres=# explain (verbose)  select count(1) from (select f2 from t1 group by f2) as t ; 
                                                                           QUERY PLAN                                                                            
-----------------------------------------------------------------------------------------------------------------------------------------------------------------
 Finalize Aggregate  (cost=355600.70..355600.71 rows=1 width=8)
   Output: count(1)
   -&gt;  Remote Subquery Scan on all (dn01,dn02,dn03,dn04,dn05,dn06,dn07,dn08,dn09,dn10)  (cost=355600.69..355600.70 rows=1 width=0)
         Output: PARTIAL count(1)
         -&gt;  Partial Aggregate  (cost=355500.69..355500.70 rows=1 width=8)
               Output: PARTIAL count(1)
               -&gt;  Group  (cost=340500.69..345500.69 rows=1000000 width=33)
                     Output: t1.f2
                     Group Key: t1.f2
                     -&gt;  Sort  (cost=340500.69..343000.69 rows=1000000 width=0)
                           Output: t1.f2
                           Sort Key: t1.f2
                           -&gt;  Remote Subquery Scan on all (dn01,dn02,dn03,dn04,dn05,dn06,dn07,dn08,dn09,dn10)  (cost=216192.84..226192.84 rows=1000000 width=0)
                                 Output: t1.f2
                                 Distribute results by S: f2
                                 -&gt;  Group  (cost=216092.84..221092.84 rows=1000000 width=33)
                                       Output: t1.f2
                                       Group Key: t1.f2
                                       -&gt;  Sort  (cost=216092.84..218592.84 rows=1000000 width=33)
                                             Output: t1.f2
                                             Sort Key: t1.f2
                                             -&gt;  Seq Scan on public.t1  (cost=0.00..62720.00 rows=1000000 width=33)
                                                   Output: t1.f2
(23 rows)

</code></pre>
<p>改写后，并行推到dn去执行，现在看看执行的效果</p>
<pre><code>postgres=# select count(1) from (select f2 from t1 group by f2) as t ; 
  count  
---------
 1000000
(1 row)

Time: 1328.431 ms (00:01.328)
postgres=# select count(1) from (select f2 from t1 where f1&lt;10 group by f2) as t ; 
 count 
-------
     9
(1 row)

Time: 24.991 ms
postgres=# 
</code></pre>
<p>我们可以看到对于大量数据计算的AP类业务，性能提高了5倍</p>
<h3 id="work_memio">增大work_mem减少io访问</h3>
<pre><code>postgres=# CREATE TABLE t1(f1 serial not null unique,f2 text,f3 text,f4 text,f5 text,f6 text,f7 text,f8 text,f9 text,f10 text,f11 text,f12 text) distribute by shard(f1);
NOTICE:  Replica identity is needed for shard table, please add to this table through &quot;alter table&quot; command.
CREATE TABLE
Time: 70.545 ms

postgres=# CREATE TABLE t2(f1 serial not null unique,f2 text,f3 text,f4 text,f5 text,f6 text,f7 text,f8 text,f9 text,f10 text,f11 text,f12 text) distribute by shard(f1); 
NOTICE:  Replica identity is needed for shard table, please add to this table through &quot;alter table&quot; command.
CREATE TABLE
Time: 61.913 ms

postgres=# insert into t1 select t,md5(t::text),md5(t::text),md5(t::text),md5(t::text),md5(t::text),md5(t::text),md5(t::text),md5(t::text),md5(t::text),md5(t::text),md5(t::text) from generate_series(1,1000) as t;   
INSERT 0 1000
Time: 48.866 ms

postgres=# insert into t2 select t,md5(t::text),md5(t::text),md5(t::text),md5(t::text),md5(t::text),md5(t::text),md5(t::text),md5(t::text),md5(t::text),md5(t::text),md5(t::text) from generate_series(1,50000) as t;     
INSERT 0 50000
Time: 792.858 ms

postgres=# analyze t1;
ANALYZE
Time: 175.946 ms

postgres=# analyze t2;
ANALYZE
Time: 318.802 ms
postgres=# 

postgres=# explain  select * from t1 where f2 not in (select f2 from t2);                
                                                                  QUERY PLAN                                                                   
-----------------------------------------------------------------------------------------------------------------------------------------------
 Remote Subquery Scan on all (dn01,dn02,dn03,dn04,dn05,dn06,dn07,dn08,dn09,dn10)  (cost=0.00..2076712.50 rows=500 width=367)
   -&gt;  Seq Scan on t1  (cost=0.00..2076712.50 rows=500 width=367)
         Filter: (NOT (SubPlan 1))
         SubPlan 1
           -&gt;  Materialize  (cost=0.00..4028.00 rows=50000 width=33)
                 -&gt;  Remote Subquery Scan on all (dn01,dn02,dn03,dn04,dn05,dn06,dn07,dn08,dn09,dn10)  (cost=0.00..3240.00 rows=50000 width=33)
                       -&gt;  Seq Scan on t2  (cost=0.00..3240.00 rows=50000 width=33)
(7 rows)

Time: 0.916 ms
postgres=# select * from t1 where f2 not in (select f2 from t2);                
 f1 | f2 | f3 | f4 | f5 | f6 | f7 | f8 | f9 | f10 | f11 | f12 
----+----+----+----+----+----+----+----+----+-----+-----+-----
(0 rows)

Time: 4226.825 ms (00:04.227)
</code></pre>
<pre><code>postgres=# set work_mem to '8MB';
SET
Time: 0.289 ms
postgres=# explain  select * from t1 where f2 not in (select f2 from t2);                
                                                               QUERY PLAN                                                                
-----------------------------------------------------------------------------------------------------------------------------------------
 Remote Subquery Scan on all (dn01,dn02,dn03,dn04,dn05,dn06,dn07,dn08,dn09,dn10)  (cost=3365.00..3577.50 rows=500 width=367)
   -&gt;  Seq Scan on t1  (cost=3365.00..3577.50 rows=500 width=367)
         Filter: (NOT (hashed SubPlan 1))
         SubPlan 1
           -&gt;  Remote Subquery Scan on all (dn01,dn02,dn03,dn04,dn05,dn06,dn07,dn08,dn09,dn10)  (cost=0.00..3240.00 rows=50000 width=33)
                 -&gt;  Seq Scan on t2  (cost=0.00..3240.00 rows=50000 width=33)
(6 rows)

Time: 0.890 ms
postgres=# select * from t1 where f2 not in (select f2 from t2);           
 f1 | f2 | f3 | f4 | f5 | f6 | f7 | f8 | f9 | f10 | f11 | f12 
----+----+----+----+----+----+----+----+----+-----+-----+-----
(0 rows)

Time: 105.249 ms
</code></pre>
<p>增大work_mem后，性能提高了40倍，因为work_mem足够放下filter的数据，不需要再做 Materialize物化，filter由原来的subplan变成了hash subplan，直接在内存hash表中filter，性能就上去了</p>
<p>注意，work_mem默认不宜过大，建议在某个具体的查询语句中再根据需要进行调整即可。</p>
<h3 id="not-inanti-join">not in改写为anti join</h3>
<p>上面通过增大计算内存达到提高性能，但内存不可能无限扩大，下面通过改写语句也可以达到提高查询的性能。</p>
<pre><code>postgres=#  explain select * from t1 left outer join t2 on t1.f2 = t2.f2 where t2.f2 is null; 
                                                                   QUERY PLAN                                                                    
-------------------------------------------------------------------------------------------------------------------------------------------------
 Remote Subquery Scan on all (dn01,dn02,dn03,dn04,dn05,dn06,dn07,dn08,dn09,dn10)  (cost=6405.00..9260.75 rows=1 width=734)
   -&gt;  Hash Anti Join  (cost=6405.00..9260.75 rows=1 width=734)
         Hash Cond: (t1.f2 = t2.f2)
         -&gt;  Remote Subquery Scan on all (dn01,dn02,dn03,dn04,dn05,dn06,dn07,dn08,dn09,dn10)  (cost=100.00..682.00 rows=1000 width=367)
               Distribute results by S: f2
               -&gt;  Seq Scan on t1  (cost=0.00..210.00 rows=1000 width=367)
         -&gt;  Hash  (cost=21940.00..21940.00 rows=50000 width=367)
               -&gt;  Remote Subquery Scan on all (dn01,dn02,dn03,dn04,dn05,dn06,dn07,dn08,dn09,dn10)  (cost=100.00..21940.00 rows=50000 width=367)
                     Distribute results by S: f2
                     -&gt;  Seq Scan on t2  (cost=0.00..3240.00 rows=50000 width=367)
(10 rows)

Time: 1.047 ms
postgres=# select * from t1 left outer join t2 on t1.f2 = t2.f2 where t2.f2 is null; 
 f1 | f2 | f3 | f4 | f5 | f6 | f7 | f8 | f9 | f10 | f11 | f12 | f1 | f2 | f3 | f4 | f5 | f6 | f7 | f8 | f9 | f10 | f11 | f12 
----+----+----+----+----+----+----+----+----+-----+-----+-----+----+----+----+----+----+----+----+----+----+-----+-----+-----
(0 rows)

Time: 107.233 ms
postgres=# 
</code></pre>
<p>也可以修改not exists </p>
<pre><code>postgres=# explain select * from t1 where not exists( select 1 from t2 where t1.f2=t2.f2);
                                                                  QUERY PLAN                                                                   
-----------------------------------------------------------------------------------------------------------------------------------------------
 Remote Subquery Scan on all (dn01,dn02,dn03,dn04,dn05,dn06,dn07,dn08,dn09,dn10)  (cost=3865.00..4078.75 rows=1 width=367)
   -&gt;  Hash Anti Join  (cost=3865.00..4078.75 rows=1 width=367)
         Hash Cond: (t1.f2 = t2.f2)
         -&gt;  Remote Subquery Scan on all (dn01,dn02,dn03,dn04,dn05,dn06,dn07,dn08,dn09,dn10)  (cost=100.00..682.00 rows=1000 width=367)
               Distribute results by S: f2
               -&gt;  Seq Scan on t1  (cost=0.00..210.00 rows=1000 width=367)
         -&gt;  Hash  (cost=5240.00..5240.00 rows=50000 width=33)
               -&gt;  Remote Subquery Scan on all (dn01,dn02,dn03,dn04,dn05,dn06,dn07,dn08,dn09,dn10)  (cost=100.00..5240.00 rows=50000 width=33)
                     Distribute results by S: f2
                     -&gt;  Seq Scan on t2  (cost=0.00..3240.00 rows=50000 width=33)
(10 rows)

Time: 0.974 ms
postgres=# select * from t1 where not exists( select 1 from t2 where t1.f2=t2.f2);        
 f1 | f2 | f3 | f4 | f5 | f6 | f7 | f8 | f9 | f10 | f11 | f12 
----+----+----+----+----+----+----+----+----+-----+-----+-----
(0 rows)

Time: 42.944 ms
</code></pre>
<h3 id="key-jonlimit">分布key jon+limit优化</h3>
<pre><code>--数据准备  
postgres=# CREATE TABLE t1(f1 serial not null unique,f2 text,f3 text,f4 text,f5 text,f6 text,f7 text,f8 text,f9 text,f10 text,f11 text,f12 text) distribute by shard(f1); 
NOTICE:  Replica identity is needed for shard table, please add to this table through &quot;alter table&quot; command.
CREATE TABLE
postgres=# CREATE TABLE t2(f1 serial not null unique,f2 text,f3 text,f4 text,f5 text,f6 text,f7 text,f8 text,f9 text,f10 text,f11 text,f12 text) distribute by shard(f1); 
NOTICE:  Replica identity is needed for shard table, please add to this table through &quot;alter table&quot; command.
CREATE TABLE
postgres=# insert into t1 select t,md5(t::text),md5(t::text),md5(t::text),md5(t::text),md5(t::text),md5(t::text),md5(t::text),md5(t::text),md5(t::text),md5(t::text),md5(t::text) from generate_series(1,1000000) as t;
INSERT 0 1000000
postgres=# insert into t2 select t,md5(t::text),md5(t::text),md5(t::text),md5(t::text),md5(t::text),md5(t::text),md5(t::text),md5(t::text),md5(t::text),md5(t::text),md5(t::text) from generate_series(1,1000000) as t; 
INSERT 0 1000000
postgres=# analyze t1;
ANALYZE
postgres=# analyze t2;
ANALYZE
postgres=# 

postgres=# \timing 
Timing is on.
postgres=# explain  select t1.* from t1,t2 where t1.f1=t2.f1 limit 10;
                                                                  QUERY PLAN                                                                  
----------------------------------------------------------------------------------------------------------------------------------------------
 Limit  (cost=0.25..1.65 rows=10 width=367)
   -&gt;  Merge Join  (cost=0.25..140446.26 rows=1000000 width=367)
         Merge Cond: (t1.f1 = t2.f1)
         -&gt;  Remote Subquery Scan on all (dn01,dn02,dn03,dn04,dn05,dn06,dn07,dn08,dn09,dn10)  (cost=100.12..434823.13 rows=1000000 width=367)
               -&gt;  Index Scan using t1_f1_key on t1  (cost=0.12..62723.13 rows=1000000 width=367)
         -&gt;  Remote Subquery Scan on all (dn01,dn02,dn03,dn04,dn05,dn06,dn07,dn08,dn09,dn10)  (cost=100.12..71823.13 rows=1000000 width=4)
               -&gt;  Index Only Scan using t2_f1_key on t2  (cost=0.12..62723.13 rows=1000000 width=4)
(7 rows)

Time: 1.372 ms

postgres=# explain analyze  select t1.* from t1,t2 where t1.f1=t2.f1 limit 10;       
                                                                                         QUERY PLAN                                                                                         
--------------------------------------------------------------------------------------------------------------------------------------------------------------------------------------------
 Limit  (cost=0.25..1.65 rows=10 width=367) (actual time=2675.437..2948.199 rows=10 loops=1)
   -&gt;  Merge Join  (cost=0.25..140446.26 rows=1000000 width=367) (actual time=2675.431..2675.508 rows=10 loops=1)
         Merge Cond: (t1.f1 = t2.f1)
         -&gt;  Remote Subquery Scan on all (dn01,dn02,dn03,dn04,dn05,dn06,dn07,dn08,dn09,dn10)  (cost=100.12..434823.13 rows=1000000 width=367) (actual time=1.661..1.704 rows=10 loops=1)
         -&gt;  Remote Subquery Scan on all (dn01,dn02,dn03,dn04,dn05,dn06,dn07,dn08,dn09,dn10)  (cost=100.12..71823.13 rows=1000000 width=4) (actual time=2673.761..2673.783 rows=10 loops=1)
 Planning time: 0.358 ms
 Execution time: 2973.948 ms
(7 rows)

Time: 2976.008 ms (00:02.976)
postgres=# 
</code></pre>
<p>看执行计划是在cn上面执行，merge join需要把要join的数据拉回cn再排序，然后再join，这里主切的开销在于网络，优化的话方法就是让语句其推下去计算</p>
<pre><code>postgres=# set prefer_olap to on;
SET
Time: 0.291 ms
postgres=#  explain  select t1.* from t1,t2 where t1.f1=t2.f1 limit 10;
                                                           QUERY PLAN                                                           
--------------------------------------------------------------------------------------------------------------------------------
 Limit  (cost=100.25..101.70 rows=10 width=367)
   -&gt;  Remote Subquery Scan on all (dn01,dn02,dn03,dn04,dn05,dn06,dn07,dn08,dn09,dn10)  (cost=100.25..101.70 rows=10 width=367)
         -&gt;  Limit  (cost=0.25..1.65 rows=10 width=367)
               -&gt;  Merge Join  (cost=0.25..140446.26 rows=1000000 width=367)
                     Merge Cond: (t1.f1 = t2.f1)
                     -&gt;  Index Scan using t1_f1_key on t1  (cost=0.12..62723.13 rows=1000000 width=367)
                     -&gt;  Index Only Scan using t2_f1_key on t2  (cost=0.12..62723.13 rows=1000000 width=4)
(7 rows)

Time: 1.061 ms

postgres=# explain analyze  select t1.* from t1,t2 where t1.f1=t2.f1 limit 10;   
                                                                                QUERY PLAN                                                                                 
---------------------------------------------------------------------------------------------------------------------------------------------------------------------------
 Limit  (cost=100.25..101.70 rows=10 width=367) (actual time=1.527..3.899 rows=10 loops=1)
   -&gt;  Remote Subquery Scan on all (dn01,dn02,dn03,dn04,dn05,dn06,dn07,dn08,dn09,dn10)  (cost=100.25..101.70 rows=10 width=367) (actual time=1.525..1.529 rows=10 loops=1)
 Planning time: 0.360 ms
 Execution time: 18.193 ms
(4 rows)

Time: 19.921 ms
</code></pre>
<p>相差150倍的性能，一般情况下，如果需要拉大量的数据回cn计算，则下推执行的效率会更好</p>
<h3 id="key-joinhash-join">非分布key join使用hash join性能一般最好</h3>
<p>为了提高tp类业务查询的性能，我们经常需要对一些字段建立索引，使用有索引字段join时系统往往也会使用Merge Cond和nestloop</p>
<pre><code>--准备数据
mydb=# CREATE TABLE t1(f1 serial not null,f2 text,f3 text,f4 text,f5 text,f6 text,f7 text,f8 text,f9 text,f10 text,f11 text,f12 text) distribute by shard(f1); 
NOTICE:  Replica identity is needed for shard table, please add to this table through &quot;alter table&quot; command.
CREATE TABLE
Time: 481.042 ms

mydb=# create index t1_f1_idx on t1(f2); 
CREATE INDEX
Time: 85.521 ms

mydb=# CREATE TABLE t2(f1 serial not null,f2 text,f3 text,f4 text,f5 text,f6 text,f7 text,f8 text,f9 text,f10 text,f11 text,f12 text) distribute by shard(f1); 
NOTICE:  Replica identity is needed for shard table, please add to this table through &quot;alter table&quot; command.
CREATE TABLE
Time: 75.973 ms

mydb=# create index t2_f1_idx on t2(f2);  
CREATE INDEX
Time: 29.890 ms

mydb=# insert into t1 select t,md5(t::text),md5(t::text),md5(t::text),md5(t::text),md5(t::text),md5(t::text),md5(t::text),md5(t::text),md5(t::text),md5(t::text),md5(t::text) from generate_series(1,1000000) as t;
INSERT 0 1000000
Time: 16450.623 ms (00:16.451)

mydb=# insert into t2 select t,md5(t::text),md5(t::text),md5(t::text),md5(t::text),md5(t::text),md5(t::text),md5(t::text),md5(t::text),md5(t::text),md5(t::text),md5(t::text) from generate_series(1,1000000) as t; 
INSERT 0 1000000
Time: 17218.738 ms (00:17.219)

mydb=# analyze t1;
ANALYZE

Time: 2219.341 ms (00:02.219)
mydb=# analyze t2;
ANALYZE

Time: 1649.506 ms (00:01.650)
mydb=# 
</code></pre>
<pre><code>--merge join

mydb=# explain select t1.* from t1,t2 where t1.f2=t2.f2 limit 10;
                                                       QUERY PLAN                                                        
-------------------------------------------------------------------------------------------------------------------------
 Limit  (cost=100.25..102.78 rows=10 width=367)
   -&gt;  Remote Subquery Scan on all (dn001,dn002)  (cost=100.25..102.78 rows=10 width=367)
         -&gt;  Limit  (cost=0.25..2.73 rows=10 width=367)
               -&gt;  Merge Join  (cost=0.25..248056.80 rows=1000000 width=367)
                     Merge Cond: (t1.f2 = t2.f2)
                     -&gt;  Remote Subquery Scan on all (dn001,dn002)  (cost=100.12..487380.85 rows=1000000 width=367)
                           Distribute results by S: f2
                           -&gt;  Index Scan using t1_f1_idx on t1  (cost=0.12..115280.85 rows=1000000 width=367)
                     -&gt;  Materialize  (cost=100.12..155875.95 rows=1000000 width=33)
                           -&gt;  Remote Subquery Scan on all (dn001,dn002)  (cost=100.12..153375.95 rows=1000000 width=33)
                                 Distribute results by S: f2
                                 -&gt;  Index Only Scan using t2_f1_idx on t2  (cost=0.12..115275.95 rows=1000000 width=33)
(12 rows)

Time: 4.183 ms

mydb=# explain analyze select t1.* from t1,t2 where t1.f2=t2.f2 limit 10;
                                                                QUERY PLAN                                                                 
-------------------------------------------------------------------------------------------------------------------------------------------
 Limit  (cost=100.25..102.78 rows=10 width=367) (actual time=6555.346..6556.296 rows=10 loops=1)
   -&gt;  Remote Subquery Scan on all (dn001,dn002)  (cost=100.25..102.78 rows=10 width=367) (actual time=6555.343..6555.349 rows=10 loops=1)
 Planning time: 0.473 ms
 Execution time: 6569.828 ms
(4 rows)

Time: 6614.439 ms (00:06.614)
</code></pre>
<pre><code>--nested loop  

mydb=# set enable_mergejoin to off;
SET
Time: 0.422 ms
mydb=# explain select t1.* from t1,t2 where t1.f2=t2.f2 limit 10;
                                                     QUERY PLAN                                                     
--------------------------------------------------------------------------------------------------------------------
 Limit  (cost=100.12..103.57 rows=10 width=367)
   -&gt;  Remote Subquery Scan on all (dn001,dn002)  (cost=100.12..103.57 rows=10 width=367)
         -&gt;  Limit  (cost=0.12..3.52 rows=10 width=367)
               -&gt;  Nested Loop  (cost=0.12..339232.00 rows=1000000 width=367)
                     -&gt;  Remote Subquery Scan on all (dn001,dn002)  (cost=100.00..434740.00 rows=1000000 width=367)
                           Distribute results by S: f2
                           -&gt;  Seq Scan on t1  (cost=0.00..62640.00 rows=1000000 width=367)
                     -&gt;  Materialize  (cost=100.12..100.31 rows=1 width=33)
                           -&gt;  Remote Subquery Scan on all (dn001,dn002)  (cost=100.12..100.30 rows=1 width=33)
                                 Distribute results by S: f2
                                 -&gt;  Index Only Scan using t2_f1_idx on t2  (cost=0.12..0.27 rows=1 width=33)
                                       Index Cond: (f2 = t1.f2)
(12 rows)

Time: 1.033 ms

mydb=# explain analyze select t1.* from t1,t2 where t1.f2=t2.f2 limit 10;
                                                                QUERY PLAN                                                                 
-------------------------------------------------------------------------------------------------------------------------------------------
 Limit  (cost=100.12..103.57 rows=10 width=367) (actual time=5608.326..5609.571 rows=10 loops=1)
   -&gt;  Remote Subquery Scan on all (dn001,dn002)  (cost=100.12..103.57 rows=10 width=367) (actual time=5608.323..5608.349 rows=10 loops=1)
 Planning time: 0.347 ms
 Execution time: 5669.901 ms
(4 rows)

Time: 5672.584 ms (00:05.673)
</code></pre>
<pre><code>--hash join

mydb=# set enable_nestloop to off;
SET
Time: 0.436 ms
mydb=#  explain select t1.* from t1,t2 where t1.f2=t2.f2 limit 10;
                                                       QUERY PLAN                                                        
-------------------------------------------------------------------------------------------------------------------------
 Limit  (cost=85983.00..85984.94 rows=10 width=367)
   -&gt;  Remote Subquery Scan on all (dn001,dn002)  (cost=85983.00..85984.94 rows=10 width=367)
         -&gt;  Limit  (cost=85883.00..85884.89 rows=10 width=367)
               -&gt;  Hash Join  (cost=85883.00..274580.00 rows=1000000 width=367)
                     Hash Cond: (t1.f2 = t2.f2)
                     -&gt;  Remote Subquery Scan on all (dn001,dn002)  (cost=100.00..434740.00 rows=1000000 width=367)
                           Distribute results by S: f2
                           -&gt;  Seq Scan on t1  (cost=0.00..62640.00 rows=1000000 width=367)
                     -&gt;  Hash  (cost=100740.00..100740.00 rows=1000000 width=33)
                           -&gt;  Remote Subquery Scan on all (dn001,dn002)  (cost=100.00..100740.00 rows=1000000 width=33)
                                 Distribute results by S: f2
                                 -&gt;  Seq Scan on t2  (cost=0.00..62640.00 rows=1000000 width=33)
(12 rows)

Time: 1.141 ms

mydb=#  explain analyze select t1.* from t1,t2 where t1.f2=t2.f2 limit 10;
                                                                  QUERY PLAN                                                                   
-----------------------------------------------------------------------------------------------------------------------------------------------
 Limit  (cost=85983.00..85984.94 rows=10 width=367) (actual time=1083.691..1085.962 rows=10 loops=1)
   -&gt;  Remote Subquery Scan on all (dn001,dn002)  (cost=85983.00..85984.94 rows=10 width=367) (actual time=1083.688..1083.699 rows=10 loops=1)
 Planning time: 0.530 ms
 Execution time: 1108.830 ms
(4 rows)

Time: 1117.713 ms (00:01.118)
</code></pre>
<h3 id="exists">exists的优化</h3>
<p>exists在数据量比较大情况下，一般使用的是Semi Join ，在work_mem足够大的情况下走的是hash join，性能会更好</p>
<pre><code>postgres=# show work_mem;
 work_mem 
----------
 4MB
(1 row)

Time: 0.298 ms
postgres=# explain  select count(1) from t1 where exists(select 1 from t2 where t2.t1_f1=t1.f1);
                                                      QUERY PLAN                                                       
-----------------------------------------------------------------------------------------------------------------------
 Finalize Aggregate  (cost=242218.32..242218.33 rows=1 width=8)
   -&gt;  Remote Subquery Scan on all (dn001,dn002)  (cost=242218.30..242218.32 rows=1 width=0)
         -&gt;  Partial Aggregate  (cost=242118.30..242118.31 rows=1 width=8)
               -&gt;  Hash Semi Join  (cost=110248.00..242118.30 rows=505421 width=0)
                     Hash Cond: (t1.f1 = t2.t1_f1)
                     -&gt;  Seq Scan on t1  (cost=0.00..17420.00 rows=1000000 width=4)
                     -&gt;  Hash  (cost=79340.00..79340.00 rows=3000000 width=4)
                           -&gt;  Remote Subquery Scan on all (dn001,dn002)  (cost=100.00..79340.00 rows=3000000 width=4)
                                 Distribute results by S: t1_f1
                                 -&gt;  Seq Scan on t2  (cost=0.00..52240.00 rows=3000000 width=4)
(10 rows)

Time: 1.091 ms
postgres=# select count(1) from t1 where exists(select 1 from t2 where t2.t1_f1=t1.f1);         
 count  
--------
 500000
(1 row)

Time: 3779.401 ms (00:03.779)
</code></pre>
<pre><code>postgres=# set work_mem to '128MB';
SET
Time: 0.368 ms
postgres=# explain  select count(1) from t1 where exists(select 1 from t2 where t2.t1_f1=t1.f1);
                                                    QUERY PLAN                                                    
------------------------------------------------------------------------------------------------------------------
 Finalize Aggregate  (cost=101763.76..101763.77 rows=1 width=8)
   -&gt;  Remote Subquery Scan on all (dn001,dn002)  (cost=101763.75..101763.76 rows=1 width=0)
         -&gt;  Partial Aggregate  (cost=101663.75..101663.76 rows=1 width=8)
               -&gt;  Hash Join  (cost=89660.00..101663.75 rows=505421 width=0)
                     Hash Cond: (t2.t1_f1 = t1.f1)
                     -&gt;  Remote Subquery Scan on all (dn001,dn002)  (cost=59840.00..69443.00 rows=505421 width=4)
                           Distribute results by S: t1_f1
                           -&gt;  HashAggregate  (cost=59740.00..64794.21 rows=505421 width=4)
                                 Group Key: t2.t1_f1
                                 -&gt;  Seq Scan on t2  (cost=0.00..52240.00 rows=3000000 width=4)
                     -&gt;  Hash  (cost=17420.00..17420.00 rows=1000000 width=4)
                           -&gt;  Seq Scan on t1  (cost=0.00..17420.00 rows=1000000 width=4)
(12 rows)

Time: 4.739 ms
postgres=# select count(1) from t1 where exists(select 1 from t2 where t2.t1_f1=t1.f1);         
 count  
--------
 500000
(1 row)

Time: 1942.037 ms (00:01.942)
postgres=# 
</code></pre>
<p>大约有一倍性能的提升</p>












                
              </article>
            </div>
          
          
<script>var target=document.getElementById(location.hash.slice(1));target&&target.name&&(target.checked=target.name.startsWith("__tabbed_"))</script>
        </div>
        
          <button type="button" class="md-top md-icon" data-md-component="top" hidden>
  
  <svg xmlns="http://www.w3.org/2000/svg" viewBox="0 0 24 24"><path d="M13 20h-2V8l-5.5 5.5-1.42-1.42L12 4.16l7.92 7.92-1.42 1.42L13 8z"/></svg>
  Back to top
</button>
        
      </main>
      
        <footer class="md-footer">
  
  <div class="md-footer-meta md-typeset">
    <div class="md-footer-meta__inner md-grid">
      <div class="md-copyright">
  
  
    Made with
    <a href="https://squidfunk.github.io/mkdocs-material/" target="_blank" rel="noopener">
      Material for MkDocs
    </a>
  
</div>
      
    </div>
  </div>
</footer>
      
    </div>
    <div class="md-dialog" data-md-component="dialog">
      <div class="md-dialog__inner md-typeset"></div>
    </div>
    
    
    
      
      <script id="__config" type="application/json">{"base": "../../..", "features": ["content.action.edit", "content.action.view", "content.code.annotate", "content.code.copy", "content.tooltips", "navigation.indexes", "navigation.sections", "navigation.tabs", "navigation.top", "navigation.tracking", "search.highlight", "search.share", "search.suggest", "toc.follow"], "search": "../../../assets/javascripts/workers/search.d50fe291.min.js", "tags": null, "translations": {"clipboard.copied": "Copied to clipboard", "clipboard.copy": "Copy to clipboard", "search.result.more.one": "1 more on this page", "search.result.more.other": "# more on this page", "search.result.none": "No matching documents", "search.result.one": "1 matching document", "search.result.other": "# matching documents", "search.result.placeholder": "Type to start searching", "search.result.term.missing": "Missing", "select.version": "Select version"}, "version": null}</script>
    
    
      <script src="../../../assets/javascripts/bundle.50899def.min.js"></script>
      
    
  </body>
</html>